B/B3/B38.xml;34;touch_nerve;10;10;2
B/B3/B38.xml;772;give_sack;10;10;3
B/B3/B38.xml;2927;take_heart;10;10;7
B/B3/B3G.xml;355;pull_weight;10;10;3
B/B3/B3F.xml;768;take_root;10;10;2
B/B3/B3F.xml;197;pull_leg;10;10;3
B/B3/B34.xml;233;pull_leg;10;10;4
B/B3/B34.xml;655;make_fortune;10;10;2
B/B3/B34.xml;1245;catch_attention;10;10;2
B/B3/B34.xml;853;get_sack;10;10;5
B/B3/B32.xml;479;find_foot;10;10;9
B/BL/BLY.xml;906;make_mark;10;10;3
B/BL/BLW.xml;174;kick_habit;10;10;5
B/BL/BLX.xml;1307;pull_leg;10;10;2
B/BL/BLX.xml;1124;lose_head;10;10;3
B/B0/B0N.xml;1295;give_sack;10;10;6
B/B0/B0G.xml;309;hold_sway;10;10;2
B/B0/B0U.xml;779;make_scene;10;10;2
B/B0/B0U.xml;2252;have_word;10;10;5
B/B0/B08.xml;374;get_wind;10;10;4
B/B0/B08.xml;744;give_notice;10;10;2
B/B0/B08.xml;55;give_notice;10;10;4
B/B0/B08.xml;758;have_misfortune;10;10;2
B/B0/B08.xml;151;hold_sway;10;10;5
B/B0/B08.xml;1368;give_notice;10;10;8
B/B0/B0S.xml;354;give_notice;10;10;4
B/B0/B0A.xml;1017;make_scene;10;10;4
B/B0/B0A.xml;351;make_fortune;10;10;2
B/B0/B07.xml;1074;take_root;10;01;726
B/B0/B03.xml;1087;take_root;10;10;2
B/B0/B04.xml;1368;pull_leg;10;10;3
B/B0/B04.xml;1606;have_misfortune;10;10;2
B/B0/B0L.xml;1024;get_sack;10;10;6
B/B0/B0L.xml;1068;hold_sway;10;10;3
B/B0/B0L.xml;118;make_mark;10;10;2
B/B0/B0M.xml;412;have_future;10;10;2
B/B7/B7G.xml;1389;keep_tab;10;10;2
B/B7/B7G.xml;2438;have_word;10;10;6
B/B7/B7G.xml;287;keep_tab;10;10;3
B/B7/B78.xml;319;get_nod;10;10;3
B/B7/B76.xml;1523;kick_habit;10;10;3
B/B7/B77.xml;338;blow_whistle;10;10;5
B/B7/B77.xml;76;make_hit;10;10;2
B/B7/B73.xml;2120;lose_heart;10;10;3
B/B7/B74.xml;1372;have_word;10;10;3
B/B7/B7L.xml;1712;lay_waste;10;10;3
B/B7/B7L.xml;1355;lose_head;10;10;2
B/B7/B7L.xml;309;keep_tab;10;10;2
B/B7/B7L.xml;1798;pull_punch;10;10;2
B/B7/B75.xml;48;pull_plug;10;10;3
B/B7/B75.xml;49;pull_plug;10;10;4
B/B7/B75.xml;46;pull_weight;10;00;2121
B/B7/B72.xml;344;keep_tab;10;10;3
B/B7/B72.xml;1901;catch_attention;10;10;6
B/B7/B7C.xml;212;get_wind;10;10;5
B/B7/B7M.xml;2037;keep_tab;10;10;4
B/BM/BMU.xml;185;have_misfortune;10;10;2
B/BM/BMU.xml;2573;find_foot;10;10;3
B/BM/BMR.xml;1840;have_future;10;10;4
B/BM/BMR.xml;1610;have_fling;10;10;3
B/BM/BMR.xml;1124;cut_figure;10;10;2
B/BM/BMR.xml;39;have_word;10;10;5
B/BM/BMG.xml;1647;bring_luck;10;10;3
B/BM/BMN.xml;1275;hold_horse;10;10;2
B/BM/BMN.xml;1230;kick_heel;10;10;3
B/BM/BMA.xml;789;get_sack;10;10;2
B/BM/BMS.xml;2716;see_star;10;10;14
B/BM/BMS.xml;911;make_face;10;10;12
B/BM/BMT.xml;916;catch_imagination;10;10;2
B/BM/BMT.xml;287;catch_imagination;10;10;7
B/BM/BM9.xml;34;take_root;10;10;2
B/BM/BM9.xml;724;make_mark;10;10;3
B/BM/BM4.xml;1744;catch_imagination;10;10;2
B/BM/BM4.xml;425;have_future;10;10;3
B/BM/BM4.xml;1892;have_word;10;10;2
B/BM/BM4.xml;637;pull_punch;10;10;3
B/BM/BM4.xml;38;hit_wall;10;10;3
B/BM/BMB.xml;2056;have_future;10;10;3
B/BM/BMB.xml;1249;have_future;10;10;7
B/BM/BMB.xml;731;take_root;10;10;3
B/BM/BMB.xml;1214;lose_temper;10;10;4
B/BM/BMB.xml;1288;lose_cool;10;00;1
B/BM/BMW.xml;2765;have_word;10;10;5
B/BM/BMW.xml;791;catch_death;10;00;2072
B/BM/BM5.xml;1826;touch_nerve;10;10;2
B/BM/BMV.xml;352;make_pile;10;10;4
B/BM/BMX.xml;1784;get_sack;10;10;5
B/BM/BMX.xml;1075;get_sack;10;10;12
B/BM/BMX.xml;231;hold_horse;10;10;6
B/BM/BMD.xml;1184;have_future;10;10;11
B/BM/BMD.xml;741;bring_luck;10;10;2
B/BM/BMC.xml;2163;find_foot;10;10;2
B/BM/BMC.xml;2236;catch_attention;10;10;2
B/BM/BMM.xml;2240;see_star;10;10;3
B/BM/BMM.xml;2273;blow_top;10;10;5
B/BM/BMM.xml;2027;lose_head;10;10;12
B/BM/BMM.xml;1335;have_misfortune;10;10;9
B/B2/B22.xml;1681;blow_trumpet;10;10;2
B/B2/B22.xml;43;blow_top;10;10;3
B/B2/B2W.xml;1114;hold_sway;10;10;3
B/B2/B2W.xml;1238;hold_horse;10;10;3
B/B2/B2E.xml;1531;hit_wall;10;00;66
B/B2/B24.xml;352;blow_whistle;10;10;5
B/B2/B24.xml;1249;get_sack;10;10;11
B/B2/B24.xml;357;blow_whistle;10;10;10
B/B2/B24.xml;2320;blow_whistle;10;10;12
B/B2/B24.xml;565;have_fling;10;10;5
B/B2/B24.xml;2168;make_face;10;10;5
B/B2/B24.xml;1212;give_sack;10;10;3
B/B2/B24.xml;1311;get_sack;10;10;12
B/B2/B27.xml;464;give_notice;10;05;3
B/B2/B20.xml;3003;hold_fire;10;10;3
B/B2/B29.xml;1282;hit_road;10;10;3
B/B2/B2T.xml;65;pull_plug;10;10;2
B/B2/B2T.xml;1269;take_heart;10;10;2
B/B2/B2H.xml;482;have_future;10;10;5
B/B2/B2H.xml;1004;have_misfortune;10;10;4
B/B2/B2H.xml;1349;catch_attention;10;10;2
B/B2/B2H.xml;877;have_misfortune;10;10;4
B/B2/B2F.xml;533;keep_tab;10;10;4
B/B2/B2F.xml;1454;pull_leg;10;10;9
B/B2/B21.xml;484;take_root;10;10;5
B/B2/B21.xml;325;lose_heart;10;10;12
B/B2/B21.xml;247;pull_weight;10;10;3
B/B2/B2G.xml;618;hold_fire;10;10;5
B/B2/B2G.xml;55;hold_sway;10;10;2
B/BN/BNA.xml;1187;pull_weight;10;10;3
B/BN/BNA.xml;1606;pull_weight;10;10;5
B/BN/BNF.xml;1809;hold_sway;10;10;3
B/BN/BN9.xml;921;have_future;10;10;5
B/BN/BN9.xml;571;make_hit;10;10;11
B/BN/BN9.xml;182;make_scene;10;10;6
B/BN/BN9.xml;238;cut_figure;10;10;4
B/BN/BNU.xml;1231;hit_wall;10;10;4
B/BN/BNU.xml;529;take_heart;10;10;9
B/BN/BNU.xml;87;lose_heart;10;10;4
B/BN/BNU.xml;313;blow_top;10;00;1866
B/BN/BNU.xml;634;make_mark;10;10;9
B/BN/BNU.xml;1979;lose_heart;10;10;3
B/BN/BN1.xml;1873;take_root;10;10;3
B/BN/BN8.xml;695;take_heart;10;10;2
B/BN/BN2.xml;531;lay_waste;10;10;3
B/BN/BNC.xml;2313;hit_wall;10;10;3
B/BN/BNC.xml;559;lose_temper;10;00;2561
B/BN/BNC.xml;783;have_word;10;10;5
B/BN/BNX.xml;949;hit_road;10;10;2
B/BN/BNV.xml;1616;hit_wall;10;10;3
B/BN/BNV.xml;1011;hit_wall;10;10;5
B/BN/BN3.xml;1971;blow_top;10;10;9
B/BN/BN3.xml;1230;hold_sway;10;10;3
B/BN/BN3.xml;1567;lose_head;10;10;6
B/BN/BNP.xml;496;take_heart;10;10;3
B/BN/BNB.xml;610;lose_heart;10;10;2
B/BN/BNB.xml;740;hold_fire;10;10;4
B/BN/BNB.xml;813;hold_horse;10;10;2
B/BP/BPK.xml;944;have_word;10;10;2
B/BP/BPK.xml;1557;bring_luck;10;10;3
B/BP/BPD.xml;392;see_star;10;10;6
B/BP/BPJ.xml;424;cut_figure;10;10;11
B/BP/BPJ.xml;446;cut_figure;10;10;3
B/BP/BP8.xml;104;catch_imagination;10;10;6
B/BP/BP1.xml;80;get_sack;10;10;12
B/BP/BP1.xml;516;lose_heart;10;00;1942
B/BP/BPG.xml;517;lose_temper;10;10;4
B/BP/BP7.xml;1183;make_face;10;10;11
B/BP/BP7.xml;2271;have_word;10;10;5
B/BP/BP0.xml;2986;find_foot;10;10;4
B/BP/BP0.xml;2366;pull_weight;10;10;4
B/BP/BP9.xml;314;keep_tab;10;10;4
B/BP/BP9.xml;603;lose_temper;10;10;4
B/BP/BPA.xml;2164;catch_attention;10;10;4
B/BP/BPA.xml;1397;hit_wall;10;10;5
B/BP/BPF.xml;402;give_notice;10;10;11
B/B1/B1H.xml;1095;make_hay;10;10;3
B/B1/B1F.xml;1505;make_scene;10;10;3
B/B1/B1F.xml;1411;see_star;10;10;5
B/B1/B1T.xml;768;find_foot;10;10;4
B/B1/B17.xml;403;have_misfortune;10;10;3
B/B1/B10.xml;729;lose_heart;10;10;3
B/B1/B10.xml;1323;lose_temper;10;10;4
B/B1/B10.xml;1700;lose_temper;10;10;6
B/B1/B10.xml;849;lose_temper;10;10;2
B/B1/B10.xml;1143;lose_temper;10;10;3
B/B1/B11.xml;664;make_fortune;10;10;4
B/B1/B16.xml;945;take_root;10;10;6
B/B1/B12.xml;1391;move_goalpost;10;10;3
B/B1/B1X.xml;416;take_root;10;10;5
B/B1/B1X.xml;906;make_face;10;10;11
B/B1/B14.xml;395;take_root;10;10;2
B/B1/B1L.xml;1545;lose_head;10;10;3
B/B1/B1L.xml;113;lose_cool;10;10;5
B/B1/B1L.xml;114;lose_cool;10;10;4
B/B1/B1L.xml;1142;make_hit;10;03;839
B/B1/B1L.xml;823;blow_whistle;10;10;3
B/B1/B1L.xml;1631;take_root;10;10;5
H/HJ/HJ4.xml;6243;kick_heel;10;10;4
H/HJ/HJ4.xml;621;find_foot;10;10;6
H/HJ/HJ4.xml;9807;take_heart;10;10;2
H/HJ/HJ4.xml;6257;have_future;10;10;2
H/HJ/HJ4.xml;3224;hit_road;10;10;5
H/HJ/HJ4.xml;5245;kick_heel;10;10;2
H/HJ/HJ3.xml;7234;make_hit;10;10;6
H/HJ/HJ3.xml;7044;hit_roof;10;10;2
H/HJ/HJ3.xml;402;cut_figure;10;10;3
H/HJ/HJ3.xml;3316;have_fling;10;10;3
H/HJ/HJ3.xml;1688;keep_tab;10;10;6
H/HJ/HJ3.xml;5241;catch_attention;10;10;4
H/HJ/HJ3.xml;1695;find_foot;10;10;3
H/HJ/HJ3.xml;3711;have_misfortune;10;10;3
H/HJ/HJD.xml;1446;catch_attention;10;10;4
H/HJ/HJC.xml;890;cut_figure;10;10;4
H/HJ/HJC.xml;907;make_pile;10;10;6
H/HJ/HJH.xml;2550;catch_death;10;00;1330
H/HJ/HJH.xml;463;lose_temper;10;10;8
H/HJ/HJ9.xml;920;have_future;10;10;2
H/HJ/HJ9.xml;849;catch_attention;10;10;6
H/HT/HTY.xml;93;blow_whistle;10;10;8
H/HT/HTY.xml;1063;have_future;10;00;3300
H/HT/HTW.xml;43;catch_death;10;10;3
H/HT/HTW.xml;3028;have_word;10;10;13
H/HT/HTL.xml;3110;blow_smoke;10;10;6
H/HT/HTM.xml;1512;hold_horse;10;10;4
H/HT/HTM.xml;836;hold_fire;10;10;4
H/HT/HTJ.xml;2502;lose_thread;10;10;6
H/HT/HTJ.xml;623;kick_heel;10;10;4
H/HT/HTX.xml;3407;hit_wall;10;10;6
H/HT/HTX.xml;46;take_heart;10;10;4
H/HT/HTX.xml;2047;have_word;10;10;12
H/HT/HTG.xml;2800;find_foot;10;10;4
H/HT/HTG.xml;3432;set_fire;10;10;6
H/HT/HTG.xml;3410;get_sack;10;10;3
H/HT/HTG.xml;3930;pull_leg;10;10;12
H/HT/HTN.xml;2256;blow_trumpet;10;10;3
H/HT/HTN.xml;2715;catch_attention;10;10;5
H/HT/HTS.xml;3087;lose_cool;10;10;7
H/HT/HTT.xml;1203;have_misfortune;10;10;6
H/HT/HTT.xml;1079;hold_fort;10;10;3
H/HT/HTH.xml;1124;catch_death;10;10;12
H/H8/H86.xml;2392;get_nod;10;10;3
H/H8/H86.xml;1492;lose_temper;10;10;10
H/H8/H86.xml;2140;make_fortune;10;10;5
H/H8/H86.xml;2204;blow_whistle;10;10;5
H/H8/H86.xml;789;lose_head;10;01;2572
H/H8/H8T.xml;3580;have_word;10;10;11
H/H8/H8T.xml;428;get_drift;10;00;3188
H/H8/H8S.xml;2531;make_scene;10;10;6
H/H8/H8S.xml;646;find_foot;10;10;6
H/H8/H8S.xml;807;lose_temper;10;00;3548
H/H8/H8S.xml;3977;catch_imagination;10;10;10
H/H8/H8S.xml;3180;catch_attention;10;10;4
H/H8/H8S.xml;2547;make_scene;10;10;6
H/H8/H8S.xml;2581;catch_attention;10;00;1772
H/H8/H8S.xml;1609;lose_head;10;00;2744
H/H8/H8S.xml;25;lose_head;10;10;11
H/H8/H8H.xml;2153;lose_head;10;10;6
H/H8/H8H.xml;66;give_sack;10;10;6
H/H8/H8H.xml;1754;take_root;10;10;6
H/H8/H8A.xml;2062;catch_attention;10;10;4
H/H8/H8A.xml;439;lose_temper;10;10;12
H/H8/H8F.xml;1204;lose_temper;10;00;2933
H/H8/H89.xml;1578;hold_fire;10;10;4
H/H8/H89.xml;147;take_root;10;10;3
H/H8/H84.xml;1208;make_face;10;10;10
H/H8/H8Y.xml;1796;hold_fort;10;10;12
H/H8/H8Y.xml;2409;hold_fort;10;10;9
H/H8/H8Y.xml;1494;make_mark;10;10;3
H/H8/H8B.xml;2688;have_word;10;10;3
H/H8/H8B.xml;2539;have_misfortune;10;03;232
H/H8/H85.xml;3976;touch_nerve;10;10;2
H/H8/H85.xml;273;catch_imagination;10;10;3
H/H8/H85.xml;1521;make_mark;10;10;3
H/H8/H82.xml;2907;lay_waste;10;10;6
H/H8/H82.xml;1756;bring_luck;10;10;11
H/H8/H8C.xml;947;take_root;10;10;2
H/H8/H8C.xml;780;hold_sway;10;10;2
H/H8/H8J.xml;1572;have_future;10;10;6
H/H8/H8J.xml;606;lose_thread;10;10;3
H/H8/H8M.xml;858;kick_heel;10;10;6
H/H8/H8X.xml;2359;lose_temper;10;10;11
H/H5/H5D.xml;1095;lose_thread;10;10;12
H/H5/H5G.xml;907;get_sack;10;10;12
H/HY/HY5.xml;992;cut_figure;10;10;10
H/HY/HY5.xml;898;hold_sway;10;10;2
H/HY/HY5.xml;420;hold_sway;10;10;3
H/HY/HYB.xml;1041;see_star;10;10;3
H/HY/HY6.xml;328;catch_imagination;10;10;2
H/HY/HY6.xml;1199;blow_trumpet;10;10;2
H/HS/HS3.xml;285;hold_fort;10;10;6
H/HS/HSJ.xml;481;pull_plug;10;10;6
H/HS/HSJ.xml;428;touch_nerve;10;03;1091
H/HS/HSJ.xml;61;hit_wall;10;01;1458
H/HG/HGV.xml;4712;cut_figure;10;10;3
H/HG/HGV.xml;5356;make_face;10;10;4
H/HG/HGM.xml;911;lose_cool;10;10;12
H/HG/HGM.xml;1429;find_foot;10;10;11
H/HG/HGJ.xml;1340;hold_fire;10;10;2
H/HG/HGK.xml;2836;make_face;10;10;6
H/HG/HGK.xml;1733;make_scene;10;10;6
H/HG/HGL.xml;696;blow_smoke;10;00;2872
H/HG/HGL.xml;769;blow_smoke;10;10;6
H/HG/HGL.xml;682;blow_smoke;10;00;2886
H/HG/HGE.xml;2233;make_pile;10;10;5
H/HG/HGE.xml;2164;hold_horse;10;10;6
H/HG/HGY.xml;247;pull_leg;10;10;11
H/HG/HGF.xml;193;blow_smoke;10;02;3076
H/HG/HGF.xml;1302;catch_attention;10;10;4
H/HG/HGF.xml;103;make_scene;10;10;11
H/HG/HGS.xml;1043;hold_sway;10;10;3
H/HG/HGT.xml;4256;have_misfortune;10;10;4
H/HG/HGT.xml;1889;lose_temper;10;10;10
H/HG/HGT.xml;3538;make_scene;10;10;4
H/HG/HGT.xml;2271;catch_death;10;10;3
H/HG/HGU.xml;1770;lose_heart;10;10;5
H/HG/HGU.xml;3303;make_face;10;10;7
H/HG/HGG.xml;1791;take_heart;10;10;4
H/HG/HGN.xml;1208;see_star;10;10;3
H/HM/HMH.xml;61;make_fortune;10;00;155
H/HM/HM5.xml;56;blow_trumpet;10;10;5
H/HW/HWP.xml;3185;lose_temper;10;10;13
H/HW/HWP.xml;986;have_word;10;01;2408
H/HW/HWP.xml;617;pull_weight;10;10;4
H/HW/HWL.xml;1488;blow_smoke;10;10;12
H/HW/HWL.xml;2304;get_wind;10;10;5
H/HW/HWL.xml;2819;pull_leg;10;10;5
H/HW/HWE.xml;1537;lose_temper;10;00;1080
H/HW/HWC.xml;63;set_fire;10;10;6
H/HW/HWM.xml;2136;kick_heel;10;10;8
H/HW/HW8.xml;1432;blow_smoke;10;00;1998
H/HW/HW8.xml;3324;hit_road;10;10;6
H/HW/HW8.xml;597;hit_road;10;10;10
H/HW/HW8.xml;2239;get_drift;10;00;1190
H/HW/HWG.xml;464;set_fire;10;10;9
H/HW/HWN.xml;3927;make_face;10;10;6
H/HW/HWA.xml;1884;blow_smoke;10;02;1977
H/HC/HC1.xml;4;blow_trumpet;10;10;9
H/H1/H13.xml;65;make_pile;10;10;5
H/HN/HNU.xml;1439;pull_plug;10;00;44
H/HN/HNS.xml;372;take_root;10;10;12
H/HN/HNT.xml;483;take_root;10;10;8
H/HN/HNK.xml;1061;blow_trumpet;10;10;4
H/HN/HNK.xml;881;have_word;10;10;9
H/HN/HNK.xml;702;blow_trumpet;10;10;10
H/HN/HNK.xml;474;lose_thread;10;10;4
H/HN/HNK.xml;62;make_mark;10;10;11
H/HN/HNK.xml;1285;make_face;10;10;5
H/HN/HNX.xml;729;lose_heart;10;10;11
H/HN/HNM.xml;191;take_root;10;10;9
H/HN/HNJ.xml;2190;pull_weight;10;01;1278
H/HD/HD3.xml;56;have_word;10;10;3
H/HD/HD4.xml;131;pull_weight;10;10;3
H/HD/HD4.xml;452;have_word;10;10;3
H/HD/HDB.xml;638;find_foot;10;10;11
H/HD/HD2.xml;2384;give_notice;10;10;5
H/HD/HDH.xml;291;get_sack;10;00;317
H/HD/HDH.xml;306;get_sack;10;00;300
H/HD/HDT.xml;98;take_heart;10;10;3
H/HD/HD7.xml;1323;catch_attention;10;10;11
H/HD/HD7.xml;1908;make_scene;10;10;12
H/HP/HPR.xml;319;blow_whistle;10;10;4
H/HP/HP8.xml;348;hit_road;10;10;3
H/HP/HPH.xml;214;hold_fort;10;10;6
H/HP/HP0.xml;1544;hold_horse;10;10;5
H/HP/HP0.xml;1347;catch_imagination;10;10;5
H/HP/HP3.xml;716;give_notice;10;10;4
H/HP/HP3.xml;676;give_notice;10;10;6
H/HP/HP4.xml;609;hit_wall;10;01;1071
H/HP/HPP.xml;1250;find_foot;10;10;6
H/HP/HPW.xml;806;hold_sway;10;10;2
H/HP/HP2.xml;177;pull_weight;10;10;3
H/HP/HP2.xml;131;have_misfortune;10;10;6
H/HP/HPV.xml;1011;touch_nerve;10;10;10
H/HP/HPV.xml;557;take_root;10;10;3
H/HP/HPX.xml;766;take_root;10;10;6
H/HR/HRL.xml;1248;blow_whistle;10;10;7
H/HR/HRE.xml;312;take_root;10;10;5
H/HR/HRB.xml;878;make_fortune;10;10;3
H/HR/HRC.xml;1480;lose_temper;10;10;11
H/HR/HRC.xml;2251;set_fire;10;10;4
H/HR/HRD.xml;1226;take_root;10;10;2
H/HR/HRD.xml;1299;make_mark;10;10;5
H/HR/HR8.xml;3120;get_wind;10;10;11
H/HR/HR7.xml;2592;blow_top;10;10;3
H/HR/HR7.xml;1777;blow_smoke;10;02;1917
H/HR/HR7.xml;1715;hit_wall;10;10;4
H/HR/HR0.xml;1408;make_fortune;10;10;3
H/HR/HRA.xml;952;blow_whistle;10;00;3761
H/HR/HRA.xml;2529;set_fire;10;10;6
H/HR/HRF.xml;1921;make_scene;10;10;3
H/HR/HRF.xml;1795;make_mark;10;10;2
H/HR/HRF.xml;1605;make_mark;10;10;3
H/HR/HRF.xml;1831;take_root;10;10;3
H/HR/HRF.xml;1521;lose_head;10;10;11
H/HR/HRT.xml;1272;make_fortune;10;10;7
H/HR/HRT.xml;830;make_mark;10;10;2
H/HR/HRS.xml;292;lose_head;10;01;395
H/HX/HXV.xml;167;hold_sway;10;10;11
H/HX/HXC.xml;682;take_root;10;10;3
H/HX/HX3.xml;603;take_root;10;10;4
H/HX/HXB.xml;1256;give_notice;10;10;4
H/HX/HXB.xml;1006;give_notice;10;00;532
H/HX/HXF.xml;1677;catch_attention;10;10;13
H/HX/HXS.xml;905;make_scene;10;10;2
H/HX/HXS.xml;770;cut_figure;10;10;4
H/HX/HXS.xml;935;cut_figure;10;10;2
H/HX/HX7.xml;172;give_notice;10;10;10
H/HX/HXU.xml;1642;cut_figure;10;10;6
H/HX/HXG.xml;624;lose_temper;10;10;3
H/HX/HXG.xml;1279;make_scene;10;01;458
H/HX/HXG.xml;1295;make_mark;10;10;4
H/HL/HL4.xml;66;set_fire;10;10;3
H/HL/HL3.xml;419;pull_weight;10;10;2
H/HL/HL3.xml;1591;set_fire;10;10;2
H/HL/HLK.xml;2704;give_notice;10;10;10
H/HL/HLK.xml;375;set_fire;10;10;3
H/HL/HLE.xml;777;make_fortune;10;10;3
H/HL/HLC.xml;38;take_heart;10;10;2
H/HL/HLM.xml;2092;set_fire;10;01;413
H/HL/HLJ.xml;1281;set_fire;10;10;2
H/HL/HLJ.xml;911;give_notice;10;10;4
H/HL/HLN.xml;1973;set_fire;10;10;2
H/HL/HL6.xml;760;make_fortune;10;10;3
H/H4/H4C.xml;553;keep_tab;10;10;11
H/H4/H4B.xml;259;get_sack;10;00;627
H/H4/H4A.xml;374;make_mark;10;10;4
H/H9/H99.xml;1289;have_future;10;10;3
H/H9/H97.xml;1640;find_foot;10;10;12
H/H9/H90.xml;1914;catch_attention;10;00;1506
H/H9/H90.xml;564;catch_imagination;10;10;3
H/H9/H9H.xml;1328;make_face;10;10;9
H/H9/H9H.xml;745;keep_tab;10;10;4
H/H9/H9H.xml;1399;make_scene;10;10;7
H/H9/H9H.xml;3673;lose_head;10;10;12
H/H9/H91.xml;319;take_heart;10;10;6
H/H9/H98.xml;2751;lose_temper;10;10;5
H/H9/H9U.xml;132;blow_whistle;10;10;12
H/H9/H9N.xml;1649;hold_fort;10;10;6
H/H9/H9N.xml;427;have_misfortune;10;10;4
H/H9/H9X.xml;820;have_word;10;10;3
H/H9/H9V.xml;229;catch_death;10;10;11
H/H9/H9V.xml;2615;lose_temper;10;10;13
H/H9/H9V.xml;1266;have_word;10;10;13
H/H9/H9V.xml;947;have_misfortune;10;00;2397
H/H9/H9V.xml;183;pull_plug;10;10;6
H/H9/H9V.xml;668;lose_temper;10;10;4
H/H9/H9C.xml;2385;hold_horse;10;10;4
H/H9/H9C.xml;298;make_pile;10;10;4
H/H9/H9C.xml;1844;kick_heel;10;10;2
H/H9/H92.xml;1090;get_wind;10;10;6
H/H9/H92.xml;1111;lose_thread;10;10;4
H/H9/H92.xml;791;lose_cool;10;00;2746
H/H9/H9L.xml;922;lay_waste;10;01;2431
H/H9/H9Y.xml;3059;hold_fort;10;10;6
H/H9/H9Y.xml;1508;have_misfortune;10;10;2
H/H9/H94.xml;38;find_foot;10;10;10
H/HK/HKP.xml;585;give_notice;10;10;3
H/HK/HKP.xml;293;set_fire;10;10;7
H/HK/HKT.xml;3209;have_future;10;10;4
H/HA/HA4.xml;626;get_sack;10;10;12
H/HA/HAE.xml;2833;pull_plug;10;10;3
H/HA/HAE.xml;2306;blow_top;10;10;4
H/HA/HAE.xml;19;get_sack;10;10;8
H/HA/HAB.xml;576;give_notice;10;00;47
H/HA/HA5.xml;1144;lose_temper;10;10;3
H/HA/HA5.xml;324;have_misfortune;10;02;2868
H/HA/HA5.xml;2037;find_foot;10;10;11
H/HA/HA2.xml;129;keep_tab;10;10;10
H/HA/HA2.xml;3427;hold_sway;10;10;3
H/HA/HA2.xml;2311;keep_tab;10;10;5
H/HA/HA2.xml;718;lose_temper;10;10;6
H/HA/HA2.xml;661;find_foot;10;10;4
H/HA/HA2.xml;383;catch_attention;10;00;3149
H/HA/HAC.xml;5224;pull_plug;10;10;10
H/HA/HA1.xml;2012;pull_plug;10;10;6
H/HA/HA1.xml;166;set_fire;10;10;11
H/HA/HA6.xml;704;have_misfortune;10;10;12
H/HA/HA6.xml;2528;hold_fort;10;10;11
H/HA/HA6.xml;1058;have_misfortune;10;01;2865
H/HA/HA6.xml;2929;lose_cool;10;10;6
H/HA/HA6.xml;3922;hold_sway;10;00;1
H/HA/HA6.xml;3230;make_hit;10;10;11
H/HA/HA6.xml;1817;catch_attention;10;10;5
H/HA/HA6.xml;1342;catch_attention;10;10;7
H/HA/HAF.xml;664;get_sack;10;10;5
H/HA/HAF.xml;1162;see_star;10;10;5
H/HA/HAF.xml;1278;hit_road;10;10;5
H/HA/HA9.xml;2976;lose_head;10;10;6
H/HA/HA9.xml;228;have_misfortune;10;02;3381
H/HA/HA9.xml;1606;make_scene;10;10;4
H/HA/HA9.xml;2556;lose_heart;10;00;1053
H/HA/HA9.xml;1904;catch_attention;10;10;6
H/HA/HA9.xml;1047;take_root;10;10;10
H/HA/HA9.xml;634;lose_temper;10;10;11
H/HA/HA9.xml;2620;kick_heel;10;10;10
H/HA/HA7.xml;3610;hit_wall;10;03;753
H/HA/HA7.xml;1636;hit_wall;10;10;12
H/HA/HA7.xml;2997;get_drift;10;10;12
H/HA/HA0.xml;2724;make_fortune;10;10;5
H/HA/HA0.xml;2454;catch_death;10;00;1367
H/HU/HUB.xml;145;pull_leg;10;10;2
H/HU/HU0.xml;2217;take_heart;10;10;7
H/HU/HU0.xml;965;hold_horse;10;10;3
H/HU/HU8.xml;347;pull_plug;10;10;3
H/HE/HEH.xml;63;see_star;10;10;4
H/HE/HE8.xml;330;get_wind;10;10;13
H/HE/HE8.xml;331;get_wind;10;10;15
H/HE/HEM.xml;135;blow_whistle;10;10;6
H/HE/HE3.xml;360;set_fire;10;10;3
H/HE/HEW.xml;225;pull_plug;10;10;5
H/HE/HEW.xml;204;kick_habit;10;10;10
H/HE/HEW.xml;213;have_word;10;10;8
H/H7/H7P.xml;873;catch_attention;10;00;935
H/H7/H7W.xml;3769;get_drift;10;10;5
H/H7/H7W.xml;1428;make_fortune;10;10;10
H/H7/H7W.xml;270;catch_attention;10;00;4299
H/H7/H7W.xml;1569;make_face;10;10;6
H/H7/H7K.xml;211;take_root;10;10;3
H/H7/H7E.xml;1295;find_foot;10;10;9
H/H7/H7X.xml;1159;see_star;10;10;3
H/H7/H78.xml;491;make_mark;10;10;2
H/H7/H78.xml;1503;make_fortune;10;10;5
H/H7/H7U.xml;940;give_notice;10;10;3
H/H7/H7H.xml;864;lose_head;10;00;1871
H/H7/H7H.xml;1824;lose_heart;10;10;3
H/H7/H7F.xml;2331;make_face;10;01;123
H/H7/H7F.xml;1251;lose_heart;10;00;1202
H/H0/H0M.xml;576;lose_temper;10;00;3500
H/H0/H0M.xml;4043;have_future;10;10;13
H/H0/H0M.xml;862;keep_tab;10;00;3214
H/H0/H0D.xml;1952;have_word;10;10;10
H/H0/H0Y.xml;976;pull_leg;10;10;3
H/H0/H0B.xml;1323;give_notice;10;10;3
H/H0/H0K.xml;1676;have_word;10;10;6
H/H0/H0A.xml;1076;hold_sway;10;10;4
H/H0/H0A.xml;846;find_foot;10;10;11
H/H0/H09.xml;627;make_mark;10;10;2
H/H0/H0R.xml;889;make_mark;10;10;6
H/H0/H0R.xml;2652;lose_heart;10;10;11
H/H0/H0R.xml;613;lose_temper;10;01;2309
H/H0/H06.xml;2446;blow_whistle;10;10;11
H/HV/HVF.xml;715;hold_sway;10;10;10
H/HV/HVD.xml;270;have_word;10;10;6
H/HB/HBK.xml;546;have_future;10;10;10
H/HB/HBK.xml;98;have_future;10;10;2
H/HB/HBK.xml;1159;make_mark;10;10;6
H/HB/HB4.xml;1445;give_notice;10;01;111
H/HB/HBJ.xml;504;catch_attention;10;10;7
H/HB/HBD.xml;192;kick_habit;10;10;5
H/HB/HB5.xml;485;give_notice;10;10;4
H/HH/HH0.xml;1521;have_misfortune;10;02;2859
H/HH/HH0.xml;194;have_word;10;10;5
H/HH/HH0.xml;1358;hit_wall;10;10;11
H/HH/HH9.xml;1720;make_fortune;10;10;6
H/HH/HHA.xml;1376;make_pile;10;10;11
H/HH/HHA.xml;4078;lose_temper;10;10;12
H/HH/HHS.xml;288;set_fire;10;10;10
H/HH/HH8.xml;1858;make_scene;10;00;2124
H/HH/HH1.xml;2688;hold_horse;10;10;5
H/HH/HH1.xml;3699;kick_heel;10;02;3023
H/HH/HH1.xml;1581;make_face;10;10;6
H/HH/HH6.xml;1072;have_misfortune;10;10;4
H/HH/HH6.xml;204;lose_head;10;10;11
H/HH/HHV.xml;12385;give_notice;10;10;5
H/HH/HHV.xml;16194;give_notice;10;10;12
H/HH/HHV.xml;12581;have_future;10;10;6
H/HH/HHV.xml;24968;have_word;10;10;12
H/HH/HHV.xml;4631;set_fire;10;10;6
H/HH/HHV.xml;4716;have_misfortune;10;10;6
H/HH/HHV.xml;12660;give_notice;10;10;11
H/HH/HHV.xml;21783;have_word;10;10;6
H/HH/HHV.xml;20952;give_notice;10;10;3
H/HH/HHV.xml;23193;have_future;10;00;3013
H/HH/HHX.xml;14880;have_misfortune;10;10;3
H/HH/HHX.xml;5893;have_misfortune;10;10;3
H/HH/HHX.xml;15112;give_notice;10;10;6
H/HH/HHX.xml;10060;catch_attention;10;10;6
H/HH/HHX.xml;3056;have_misfortune;10;10;8
H/HH/HHX.xml;13013;find_foot;10;10;10
H/HH/HHX.xml;8758;have_future;10;10;11
H/HH/HHX.xml;18460;find_foot;10;10;10
H/HH/HHX.xml;3037;have_future;10;10;5
H/HH/HHX.xml;4629;have_future;10;10;6
H/HH/HHC.xml;2557;catch_death;10;10;11
H/HH/HHC.xml;279;catch_death;10;00;2599
H/HH/HH5.xml;375;kick_heel;10;10;4
H/HH/HHL.xml;26;have_future;10;10;6
H/HH/HHE.xml;204;blow_whistle;10;10;11
H/HH/HHB.xml;84;lose_temper;10;00;4290
H/HH/HHB.xml;302;lose_temper;10;10;12
H/HH/HHB.xml;2686;give_sack;10;10;12
H/HH/HHW.xml;1216;have_future;10;10;5
H/HH/HHW.xml;9219;have_future;10;10;6
H/HH/HHW.xml;10660;blow_whistle;10;01;4103
H/HH/HHW.xml;10702;have_future;10;10;4
H/HH/HHW.xml;9144;have_future;10;10;12
H/HH/HHW.xml;5819;have_misfortune;10;10;3
H/HH/HH3.xml;14467;hold_sway;10;10;4
H/HH/HH3.xml;4292;make_fortune;10;10;11
H/HH/HH3.xml;15318;set_fire;10;10;2
H/HH/HH3.xml;3370;take_heart;10;00;12047
H/HH/HH3.xml;4942;catch_imagination;10;10;8
H/HH/HH3.xml;431;take_heart;10;01;14985
H/HH/HH3.xml;80;have_word;10;10;4
H/HH/HH3.xml;10161;blow_smoke;10;10;12
H/HH/HH3.xml;11381;pull_punch;10;10;9
H/HH/HH3.xml;8662;move_goalpost;10;01;6754
H/HH/HH3.xml;9369;hold_sway;10;00;6047
H/HH/HH3.xml;2271;have_fling;10;00;13148
E/EV/EVG.xml;1852;make_fortune;10;10;8
E/EV/EVN.xml;231;kick_heel;10;10;12
E/EV/EVN.xml;823;have_future;10;10;8
E/EV/EV8.xml;280;touch_nerve;10;10;9
E/EV/EV8.xml;263;catch_imagination;10;10;2
E/EV/EV1.xml;776;pull_weight;10;10;11
E/EV/EV1.xml;1517;blow_smoke;10;10;8
E/EV/EVH.xml;1275;catch_attention;10;10;6
E/EV/EVH.xml;470;lose_heart;10;10;12
E/EV/EVS.xml;71;give_sack;10;10;11
E/EV/EVK.xml;1462;give_notice;10;10;12
E/EV/EVP.xml;307;hold_sway;10;10;10
E/EV/EVP.xml;83;have_future;10;10;6
E/EV/EVC.xml;217;lose_temper;10;10;7
E/EV/EVC.xml;3076;lose_temper;10;01;86
E/EV/EVJ.xml;257;give_notice;10;10;4
E/EV/EVJ.xml;259;give_notice;10;10;11
E/EB/EB1.xml;1264;keep_tab;10;10;6
E/EB/EB1.xml;697;pull_plug;10;10;5
E/EB/EB7.xml;217;lay_waste;10;10;3
E/EB/EB7.xml;1446;take_root;10;10;6
E/EB/EB7.xml;1095;make_scene;10;10;2
E/EB/EBS.xml;1358;keep_tab;10;10;6
E/EB/EBV.xml;1777;make_mark;10;10;4
E/EB/EBV.xml;651;lose_thread;10;10;5
E/EE/EE0.xml;59;keep_tab;10;10;4
E/EE/EE0.xml;205;give_notice;10;10;11
E/EE/EE0.xml;1406;keep_tab;10;10;15
E/EE/EEF.xml;1424;hold_sway;10;10;11
E/EE/EE6.xml;382;make_mark;10;10;10
E/EE/EER.xml;361;take_heart;10;10;5
E/EE/EER.xml;580;move_goalpost;10;10;11
E/EE/EER.xml;901;give_notice;10;10;3
E/EE/EEN.xml;1190;touch_nerve;10;01;121
E/EE/EEC.xml;1238;touch_nerve;10;10;3
E/EE/EEM.xml;610;hold_sway;10;10;11
E/EE/EEM.xml;367;touch_nerve;10;10;3
E/EE/EEM.xml;1455;hold_sway;10;10;5
E/EE/EE2.xml;740;lay_waste;10;10;7
E/EE/EEL.xml;225;hold_fort;10;10;9
E/EE/EEB.xml;880;give_notice;10;10;4
E/EE/EEB.xml;108;lose_thread;10;00;2195
E/EE/EEW.xml;617;hit_wall;10;10;10
E/EE/EEW.xml;1693;blow_smoke;10;00;522
E/EA/EAW.xml;260;see_star;10;10;5
E/EA/EAW.xml;1545;see_star;10;03;455
E/EA/EAW.xml;138;see_star;10;10;11
E/EA/EAW.xml;560;see_star;10;10;5
E/EA/EAW.xml;1717;see_star;10;10;11
E/EA/EAW.xml;1654;see_star;10;10;6
E/EA/EAW.xml;887;see_star;10;10;3
E/EA/EAW.xml;860;see_star;10;10;6
E/EA/EAW.xml;1514;see_star;10;10;11
E/EA/EA4.xml;335;lose_heart;10;10;5
E/EA/EAJ.xml;1549;hold_sway;10;10;4
E/EA/EA5.xml;1834;make_face;10;01;642
E/EA/EA5.xml;1863;get_sack;10;10;5
E/EA/EA8.xml;778;have_misfortune;10;10;8
E/EA/EA8.xml;1055;lose_temper;10;10;6
E/EA/EA0.xml;157;have_word;10;10;5
E/EA/EA7.xml;90;hold_sway;10;10;10
E/EU/EUU.xml;652;make_fortune;10;00;1673
E/EU/EUU.xml;195;make_fortune;10;10;6
E/EU/EUU.xml;1804;make_fortune;10;00;522
E/EU/EUR.xml;657;make_pile;10;01;273
E/EU/EUW.xml;619;catch_attention;10;10;4
E/E9/E9U.xml;981;make_mark;10;10;7
E/E9/E9R.xml;3;pull_plug;10;10;5
E/E9/E9V.xml;799;make_fortune;10;10;2
E/E9/E9P.xml;376;catch_imagination;10;10;6
E/E9/E9P.xml;731;make_mark;10;10;4
E/E9/E9P.xml;309;make_mark;10;10;8
E/EX/EX6.xml;374;catch_attention;10;00;1443
E/EF/EFP.xml;637;catch_attention;10;10;4
E/EF/EF4.xml;1187;make_hay;10;10;3
E/EF/EF4.xml;471;have_future;10;10;7
E/EF/EFD.xml;297;find_foot;10;10;6
E/EF/EFJ.xml;1808;blow_whistle;10;00;1677
E/EF/EFJ.xml;819;blow_whistle;10;10;10
E/EF/EFJ.xml;231;blow_top;10;01;3252
E/EF/EF2.xml;408;lay_waste;10;10;2
E/EF/EF2.xml;171;hold_sway;10;10;11
E/EF/EF8.xml;385;make_pile;10;10;3
E/EF/EF8.xml;388;make_pile;10;10;10
E/EF/EF8.xml;1327;blow_smoke;10;10;11
E/EF/EF6.xml;907;take_root;10;10;3
E/EF/EFU.xml;1617;catch_imagination;10;10;3
E/EF/EFN.xml;2229;find_foot;10;10;5
E/EF/EFN.xml;1086;get_sack;10;10;5
E/EF/EFF.xml;946;take_root;10;10;3
E/EF/EFF.xml;1902;have_misfortune;10;10;4
E/EF/EFF.xml;1142;catch_attention;10;10;3
E/EF/EFT.xml;211;have_word;10;10;6
E/ED/ED1.xml;18;blow_trumpet;10;10;8
E/ED/EDG.xml;2338;catch_attention;10;10;5
E/ED/EDN.xml;1491;make_face;10;10;12
E/ED/EDU.xml;786;hold_sway;10;10;11
E/ED/EDU.xml;1109;blow_trumpet;10;00;842
E/ED/EDU.xml;301;have_word;10;10;10
E/ED/ED7.xml;1723;get_drift;10;10;5
E/ED/ED7.xml;2558;have_future;10;10;5
E/ED/ED9.xml;2312;make_scene;10;10;12
E/ED/ED9.xml;1257;hit_wall;10;10;11
E/ED/ED9.xml;1203;catch_death;10;10;11
E/ED/ED9.xml;2380;make_fortune;10;10;7
E/ED/ED9.xml;3581;get_drift;10;10;6
E/ED/EDT.xml;2231;make_fortune;10;10;3
E/ED/EDF.xml;904;take_root;10;10;10
E/ED/EDL.xml;1308;give_notice;10;10;4
E/ED/EDE.xml;51;hold_sway;10;01;1157
E/ED/EDE.xml;499;give_sack;10;10;3
E/ED/EDE.xml;717;blow_whistle;10;10;11
E/ED/EDE.xml;591;touch_nerve;10;10;2
E/ED/ED4.xml;628;hit_road;10;10;5
E/ED/ED3.xml;492;hit_road;10;10;4
E/ED/EDD.xml;489;hold_sway;10;10;6
E/ED/EDD.xml;427;hold_sway;10;10;7
E/ED/EDC.xml;893;kick_habit;10;10;6
E/ED/EDJ.xml;1706;get_sack;10;00;1033
E/ED/EDJ.xml;427;get_sack;10;10;8
E/EW/EWB.xml;825;make_mark;10;10;2
E/EW/EWC.xml;442;find_foot;10;10;4
E/EW/EWC.xml;845;lose_temper;10;10;7
E/EW/EW5.xml;1168;lose_temper;10;10;11
E/EW/EW1.xml;828;have_future;10;00;647
E/EW/EW1.xml;685;have_future;10;10;6
E/EW/EWG.xml;226;make_fortune;10;10;4
E/EW/EWR.xml;1255;have_future;10;10;4
E/EW/EW9.xml;1419;have_future;10;00;142
E/EW/EWH.xml;1161;make_fortune;10;10;9
E/EW/EWH.xml;135;make_fortune;10;10;5
E/EC/EC3.xml;1565;give_notice;10;10;2
E/EC/ECY.xml;767;hold_sway;10;10;4
E/EC/ECB.xml;1134;hold_sway;10;10;2
E/EC/ECE.xml;1731;have_future;10;01;623
E/EC/ECE.xml;1468;hold_sway;10;10;11
E/EC/ECK.xml;650;blow_smoke;10;10;11
E/EC/ECK.xml;431;see_star;10;10;10
E/EC/ECM.xml;667;cut_figure;10;10;7
E/EC/ECJ.xml;1064;hit_wall;10;01;715
E/EC/ECD.xml;1734;hold_sway;10;10;3
E/EC/ECX.xml;291;keep_tab;10;10;4
E/EC/ECG.xml;738;catch_attention;10;10;3
E/EC/ECG.xml;1419;hold_sway;10;10;3
E/EC/ECG.xml;20;cut_figure;10;10;3
E/EC/ECU.xml;2609;lose_heart;10;10;11
E/EC/ECT.xml;1812;give_notice;10;01;1855
E/EC/ECH.xml;136;set_fire;10;02;1216
E/EC/EC9.xml;792;lose_head;10;10;4
E/EG/EG0.xml;1321;have_future;10;10;10
K/KB/KB7.xml;7134;make_fortune;10;00;9119
K/KB/KBF.xml;1931;hit_roof;10;10;16
K/KB/KB1.xml;3120;take_heart;10;10;12
K/KB/KB1.xml;209;set_fire;10;00;5651
K/KB/KB1.xml;1159;set_fire;10;10;7
K/KB/KBM.xml;1518;kick_heel;10;00;1321
K/KB/KBD.xml;8588;make_fortune;10;00;435
K/KB/KB2.xml;3732;make_fortune;10;01;1999
K/KB/KBB.xml;441;get_sack;10;10;13
K/KB/KBB.xml;6795;make_hit;10;00;4728
K/KB/KBB.xml;6797;make_hit;10;00;4724
K/KB/KBW.xml;16881;get_wind;10;00;2840
K/KB/KBW.xml;2861;get_sack;10;00;16857
K/KB/KB3.xml;291;see_star;10;01;1681
K/KE/KE3.xml;7863;get_sack;10;00;1456
K/KE/KE2.xml;8946;pull_plug;10;00;1135
K/K7/K7D.xml;27;make_fortune;10;10;5
K/K7/K74.xml;845;get_drift;10;00;113
K/K7/K77.xml;128;blow_whistle;10;10;11
K/K7/K7G.xml;219;give_sack;10;00;236
K/K7/K7G.xml;220;give_sack;10;10;12
K/K3/K3T.xml;344;lose_temper;10;10;11
K/K3/K3T.xml;1202;set_fire;10;10;4
K/K3/K3T.xml;319;set_fire;10;10;3
K/K3/K3G.xml;40;have_future;10;10;12
K/K3/K32.xml;2081;get_wind;10;00;1381
K/K3/K32.xml;2082;get_wind;10;10;7
K/K3/K32.xml;2692;have_misfortune;10;10;6
K/K3/K32.xml;3112;have_misfortune;10;10;3
K/K3/K32.xml;2767;blow_whistle;10;10;11
K/K3/K32.xml;2130;blow_whistle;10;01;1335
K/K3/K32.xml;3195;get_nod;10;10;12
K/K3/K35.xml;39;set_fire;10;10;11
K/K3/K3X.xml;1634;lose_cool;10;10;4
K/K3/K3C.xml;205;hit_wall;10;10;11
K/K3/K3K.xml;136;hit_road;10;10;4
K/K3/K3K.xml;1282;take_heart;10;10;4
K/K3/K3K.xml;755;hold_sway;10;10;4
K/K3/K3K.xml;743;have_misfortune;10;10;3
K/K9/K9B.xml;918;blow_trumpet;10;10;3
K/K9/K95.xml;357;catch_attention;10;10;3
K/K9/K91.xml;458;have_future;10;00;1222
K/K9/K91.xml;2;have_misfortune;02;10;6
K/K9/K91.xml;629;lose_heart;10;10;3
K/K9/K9F.xml;291;catch_attention;10;10;5
K/K9/K97.xml;193;hit_road;10;10;5
K/K9/K97.xml;9826;make_mark;10;01;8902
K/K9/K97.xml;1730;take_heart;10;10;6
K/K9/K97.xml;9670;get_nod;10;00;9058
K/K9/K97.xml;11016;pull_leg;10;00;7712
K/K9/K97.xml;9802;make_mark;10;10;3
K/K9/K97.xml;16589;pull_punch;10;10;7
K/K9/K97.xml;12750;give_notice;10;10;5
K/K9/K97.xml;9680;make_mark;10;00;9049
K/K9/K97.xml;18070;blow_trumpet;10;10;12
K/K9/K97.xml;9816;get_nod;10;00;8913
K/K9/K97.xml;2489;hold_sway;10;10;10
K/K9/K97.xml;4801;lose_head;10;10;5
K/K9/K90.xml;639;take_root;10;10;3
K/KA/KAY.xml;635;make_fortune;10;10;5
K/KA/KAL.xml;107;keep_tab;10;10;10
K/KL/KLS.xml;1370;have_word;10;00;25
K/KL/KLS.xml;1366;have_word;10;10;11
K/KL/KLY.xml;241;take_heart;10;00;410
K/KL/KLY.xml;242;take_heart;10;10;13
K/KL/KLW.xml;1570;have_word;10;03;3
K/KR/KRM.xml;2166;have_future;10;10;6
K/KR/KR2.xml;872;hit_roof;10;00;785
K/KR/KRP.xml;1305;catch_imagination;10;10;11
K/KR/KRP.xml;1383;catch_imagination;10;00;520
K/KR/KRT.xml;2841;make_fortune;10;10;5
K/KR/KRT.xml;3407;hit_wall;10;00;3216
K/KR/KRN.xml;108;get_wind;10;10;3
K/K4/K4J.xml;179;kick_habit;10;10;11
K/K4/K4J.xml;980;lose_heart;10;01;703
K/K4/K4J.xml;829;blow_whistle;10;10;3
K/K4/K4J.xml;1494;take_heart;10;10;6
K/K4/K4D.xml;59;keep_tab;10;10;11
K/K4/K4C.xml;400;hit_wall;10;10;5
K/K4/K4C.xml;1282;take_heart;10;00;276
K/K4/K4C.xml;404;hit_wall;10;10;4
K/K4/K4C.xml;365;see_star;10;10;5
K/K4/K4V.xml;2170;move_goalpost;10;10;11
K/K4/K4V.xml;2052;make_mark;10;10;6
K/K4/K45.xml;510;get_nod;10;10;6
K/K4/K4W.xml;11456;hit_wall;10;10;4
K/K4/K4W.xml;7619;give_notice;10;10;2
K/K4/K4W.xml;10156;set_fire;10;10;3
K/K4/K4W.xml;45;hold_sway;10;10;6
K/K4/K4W.xml;11568;give_notice;10;10;12
K/K4/K4W.xml;8594;blow_whistle;10;10;4
K/K4/K4W.xml;11715;pull_weight;10;10;6
K/K4/K4W.xml;8818;set_fire;10;01;3093
K/K4/K4W.xml;7926;have_future;10;10;11
K/K4/K4W.xml;473;set_fire;10;10;4
K/K4/K4W.xml;446;make_pile;10;10;10
K/K4/K4P.xml;538;have_word;10;10;3
K/K4/K4P.xml;1134;hit_road;10;10;4
K/K4/K4P.xml;2223;take_heart;10;10;3
K/K4/K4L.xml;356;have_fling;10;10;10
K/K4/K47.xml;311;set_fire;10;10;4
K/K4/K4S.xml;1349;give_notice;10;10;6
K/K4/K4T.xml;2214;blow_whistle;10;10;8
K/K4/K4T.xml;5067;have_future;10;10;5
K/K4/K4T.xml;9260;get_sack;10;10;5
K/K4/K4T.xml;4655;blow_top;10;10;4
K/K4/K4T.xml;7795;have_misfortune;10;10;2
K/K4/K4H.xml;314;hit_road;10;10;6
K/K4/K41.xml;1179;set_fire;10;10;4
K/K4/K41.xml;447;set_fire;10;10;12
K/K6/K68.xml;306;blow_whistle;10;01;80
K/K6/K68.xml;307;blow_whistle;10;00;79
K/K6/K6E.xml;101;take_root;10;00;191
K/K6/K6V.xml;101;lose_head;10;00;770
K/KP/KP1.xml;1695;hit_roof;10;10;7
K/KP/KPG.xml;4331;blow_smoke;10;00;2475
K/KD/KD6.xml;608;have_future;10;00;4118
K/KD/KD8.xml;7384;have_word;10;10;11
K/KD/KD8.xml;4855;have_word;10;10;26
K/KD/KDU.xml;443;hit_roof;10;00;350
K/KD/KDR.xml;1188;hit_wall;10;01;801
K/KD/KDN.xml;932;get_sack;10;00;6094
K/KD/KDN.xml;6172;hit_wall;10;01;850
K/KD/KDA.xml;4265;give_notice;10;00;4548
K/KD/KDH.xml;1314;hit_wall;10;00;952
K/KD/KDW.xml;8552;lose_temper;10;00;119
K/KD/KDW.xml;2673;have_word;10;00;5997
K/KD/KDW.xml;605;lose_temper;10;10;15
K/KD/KDP.xml;1964;give_notice;10;00;1254
K/KD/KDY.xml;681;take_root;10;01;1150
K/KD/KDY.xml;380;get_sack;10;00;1453
K/KD/KDM.xml;4882;get_wind;10;00;12261
K/KD/KDM.xml;15237;get_wind;10;01;1902
K/KD/KDJ.xml;1261;make_fortune;10;00;410
K/KC/KC4.xml;504;set_fire;10;00;2548
K/KC/KC4.xml;502;set_fire;10;00;2555
K/KC/KCE.xml;4864;have_fling;10;01;2504
K/KC/KCE.xml;5972;blow_whistle;10;00;1402
K/KC/KCY.xml;1920;lose_temper;10;00;582
K/KC/KCY.xml;1719;hit_wall;10;00;788
K/KC/KCY.xml;703;have_word;10;01;1798
K/KC/KC5.xml;749;pull_weight;10;00;2875
K/KC/KCX.xml;8581;give_sack;10;10;14
K/KC/KCJ.xml;270;lose_temper;10;00;1226
K/KC/KCF.xml;1362;hit_wall;10;10;9
K/KC/KCT.xml;9611;hold_horse;10;10;12
K/KC/KC7.xml;400;lose_temper;10;10;9
K/K1/K1J.xml;3731;hit_wall;10;00;1
K/K1/K1J.xml;3436;hold_fire;10;00;2
K/K1/K1J.xml;3397;take_heart;10;01;1
K/K1/K1M.xml;512;hit_road;00;10;10
K/K1/K1M.xml;2660;have_fling;02;10;4
K/K1/K1M.xml;581;hit_road;00;00;3133
K/K1/K1M.xml;3334;kick_habit;10;10;12
K/K1/K1C.xml;1259;give_notice;10;00;2392
K/K1/K1C.xml;1061;have_future;10;10;5
K/K1/K1D.xml;3324;lose_temper;10;00;2
K/K1/K1D.xml;143;hit_road;02;10;3
K/K1/K1X.xml;2224;set_fire;10;10;6
K/K1/K1X.xml;1251;--------EEEEEEEEEE:sentence 1251 not located
K/K1/K1X.xml;1180;K/K1/K1V.xml;449;catch_attention;10;01;2970
K/K1/K1V.xml;729;set_fire;10;01;2691
K/K1/K1P.xml;3780;pull_plug;10;01;6
K/K1/K1W.xml;672;lose_temper;10;10;5
K/K1/K1W.xml;1281;pull_weight;10;10;6
K/K1/K1W.xml;762;take_root;10;00;2
K/K1/K1W.xml;934;--------EEEEEEEEEE:sentence 934 not located
K/K1/K1W.xml;1024;--------EEEEEEEEEE:sentence 1024 not located
K/K1/K1B.xml;752;set_fire;10;10;5
K/K1/K1B.xml;871;set_fire;10;10;11
K/K1/K1B.xml;2955;bring_luck;10;10;3
K/K1/K1B.xml;875;set_fire;10;00;2387
K/K1/K1B.xml;2283;set_fire;10;10;6
K/K1/K1L.xml;1859;set_fire;10;10;12
K/K1/K1T.xml;966;hit_wall;01;10;10
K/K1/K1S.xml;3713;lose_temper;10;02;3
K/K1/K1S.xml;1276;make_scene;10;00;1
K/K1/K1S.xml;3310;hit_road;10;10;5
K/K1/K1F.xml;819;set_fire;01;04;2275
K/K1/K1H.xml;2736;find_foot;10;10;6
K/K1/K1N.xml;1943;kick_habit;10;01;1458
K/K1/K1G.xml;3249;take_heart;10;10;8
K/K1/K1G.xml;777;touch_nerve;10;10;12
K/K1/K1R.xml;432;pull_leg;10;00;3140
K/K1/K1R.xml;827;hit_road;10;10;6
K/K1/K1R.xml;3950;have_future;10;00;1
K/K1/K1R.xml;251;hit_wall;10;10;4
K/K5/K5H.xml;4424;take_heart;10;10;4
K/K5/K5H.xml;3410;have_word;10;10;11
K/K5/K5A.xml;363;lose_temper;10;10;3
K/K5/K5A.xml;3980;take_heart;10;10;4
K/K5/K5A.xml;483;have_future;10;10;12
K/K5/K5A.xml;4172;make_hit;10;10;7
K/K5/K5A.xml;2620;take_root;10;10;3
K/K5/K5F.xml;1097;get_sack;10;10;11
K/K5/K57.xml;1665;lose_thread;10;10;3
K/K5/K57.xml;1359;take_root;10;10;2
K/K5/K57.xml;1677;cut_figure;10;10;2
K/K5/K57.xml;623;hold_fire;10;10;4
K/K5/K59.xml;2680;take_root;10;10;4
K/K5/K59.xml;740;take_root;10;02;4379
K/K5/K59.xml;61;have_word;10;10;5
K/K5/K59.xml;3062;give_notice;10;10;3
K/K5/K51.xml;522;give_notice;10;10;6
K/K5/K51.xml;1243;blow_trumpet;10;10;3
K/K5/K55.xml;2720;give_notice;10;10;4
K/K5/K55.xml;9314;kick_habit;10;10;6
K/K5/K55.xml;6615;kick_heel;10;01;3036
K/K5/K55.xml;7812;set_fire;10;01;1840
K/K5/K55.xml;9031;hit_wall;10;00;619
K/K5/K52.xml;8897;have_misfortune;10;10;11
K/K5/K52.xml;2949;move_goalpost;10;10;4
K/K5/K52.xml;8966;make_mark;10;10;5
K/K5/K52.xml;2382;hit_road;10;10;5
K/K5/K52.xml;208;make_fortune;10;10;6
K/K5/K52.xml;3249;kick_habit;10;10;3
K/K5/K52.xml;8693;have_misfortune;10;10;12
K/K5/K52.xml;6040;have_fling;10;10;5
K/K5/K52.xml;4506;make_mark;10;10;4
K/K5/K52.xml;927;make_mark;10;10;4
K/K5/K5C.xml;331;blow_smoke;10;10;3
K/K5/K5C.xml;2348;make_scene;10;10;3
K/K5/K5C.xml;1622;have_future;10;00;995
K/K5/K5C.xml;575;keep_tab;10;01;2042
K/K5/K5D.xml;5216;set_fire;10;10;3
K/K5/K5D.xml;10116;blow_trumpet;10;10;4
K/K5/K5D.xml;13385;have_future;10;10;6
K/K5/K5D.xml;365;set_fire;10;10;6
K/K5/K5D.xml;1685;hold_fire;10;10;9
K/K5/K5D.xml;9417;pull_plug;10;10;4
K/K5/K5D.xml;804;hold_sway;10;10;6
K/K5/K5D.xml;1627;hold_fire;10;10;11
K/K5/K5J.xml;3684;catch_attention;10;10;2
K/K5/K5J.xml;4125;take_heart;10;10;4
K/K5/K5J.xml;2822;keep_tab;10;10;3
K/K5/K5M.xml;11456;have_future;10;10;11
K/K5/K5M.xml;8802;set_fire;10;10;6
K/K5/K5M.xml;8739;set_fire;10;10;3
K/K5/K5M.xml;11940;set_fire;10;10;3
K/K5/K5M.xml;133;pull_plug;10;10;4
K/K5/K5M.xml;8742;set_fire;10;10;6
K/K5/K5M.xml;2472;lose_head;10;00;10151
K/K5/K5M.xml;4395;hit_road;10;10;6
K/K5/K5M.xml;639;pull_plug;10;10;10
K/K5/K5M.xml;4720;hit_roof;10;10;7
K/K5/K5M.xml;6292;have_fling;10;10;11
K/K5/K5M.xml;4118;set_fire;10;10;7
K/K5/K5M.xml;4347;have_future;10;10;7
K/K5/K5M.xml;4351;pull_plug;10;10;8
K/K5/K54.xml;1249;catch_attention;10;00;5353
K/K5/K54.xml;5183;move_goalpost;10;10;11
K/K5/K54.xml;1853;keep_tab;10;10;10
K/K5/K5L.xml;1243;make_fortune;10;10;3
K/KG/KGP.xml;251;lose_heart;10;10;4
K/KM/KM8.xml;341;have_word;10;10;9
K/KS/KS7.xml;66;lose_heart;10;10;6
K/KJ/KJU.xml;266;have_word;10;01;2
K/K8/K8V.xml;2680;catch_attention;10;10;5
K/K8/K8Y.xml;2017;have_word;10;10;6
K/K8/K8T.xml;101;see_star;10;10;4
K/K8/K8T.xml;951;blow_whistle;10;10;5
K/K2/K22.xml;3784;have_future;10;00;1
K/K2/K22.xml;3929;blow_whistle;10;00;4
K/K2/K22.xml;3380;hit_wall;10;10;5
K/K2/K22.xml;3471;K/K2/K25.xml;161;see_star;10;10;10
K/K2/K25.xml;3780;catch_imagination;10;00;300
K/K2/K25.xml;4294;hold_fire;10;01;1
K/K2/K25.xml;4426;have_future;10;00;3
K/K2/K25.xml;2956;keep_tab;10;10;11
K/K2/K25.xml;3640;lose_temper;10;10;11
K/K2/K2D.xml;3408;get_nod;10;00;313
K/K2/K2D.xml;2418;have_misfortune;10;00;1306
K/K2/K2D.xml;3123;get_sack;10;10;11
K/K2/K2D.xml;62;find_foot;10;10;4
K/K2/K2D.xml;3383;kick_heel;10;10;6
K/K2/K23.xml;1568;kick_habit;10;00;2224
K/K2/K23.xml;3133;set_fire;10;01;660
K/K2/K23.xml;4228;catch_imagination;10;00;1
K/K2/K23.xml;2341;catch_death;10;10;6
K/K2/K23.xml;2551;have_future;10;10;11
K/K2/K2W.xml;2;--------EEEEEEEEEE:sentence 2 not located
K/K2/K2P.xml;10;kick_habit;10;10;11
K/K2/K2L.xml;337;get_nod;10;01;702
K/K2/K2L.xml;390;pull_plug;10;00;649
K/K2/K2F.xml;977;pull_plug;10;00;850
K/K2/K2U.xml;411;pull_plug;10;00;1433
K/K2/K28.xml;555;kick_heel;00;10;3
K/K2/K26.xml;869;hit_wall;10;00;2
K/K2/K26.xml;877;hit_wall;10;10;5
K/K2/K21.xml;1632;set_fire;02;00;0
K/K2/K21.xml;858;have_fling;10;00;2599
K/K2/K21.xml;43;set_fire;10;00;3419
A/AH/AHX.xml;1529;hit_wall;10;00;38
A/AH/AHC.xml;1663;take_root;10;10;4
A/AH/AHK.xml;115;take_heart;10;10;11
A/AH/AHA.xml;1251;keep_tab;10;02;27
A/AH/AHR.xml;39;pull_plug;10;10;6
A/AH/AHG.xml;881;touch_nerve;10;10;4
A/AH/AHG.xml;460;lay_waste;10;10;4
A/AH/AHN.xml;902;take_heart;10;10;5
A/AH/AHN.xml;423;make_fortune;10;10;9
A/AB/AB9.xml;1807;give_notice;10;00;870
A/AB/ABS.xml;168;make_pile;10;10;3
A/AB/ABS.xml;1273;kick_habit;10;10;4
A/AB/ABS.xml;163;make_pile;10;10;4
A/AB/ABS.xml;787;take_heart;10;10;12
A/AB/ABF.xml;3112;make_hit;10;10;4
A/AB/ABF.xml;3045;have_future;10;10;2
A/AB/ABA.xml;738;hold_sway;10;10;6
A/AB/ABH.xml;457;take_root;10;10;3
A/AB/ABH.xml;1426;hold_sway;10;10;11
A/AB/AB6.xml;346;catch_imagination;10;10;3
A/AB/ABG.xml;2428;kick_habit;10;00;873
A/AB/ABG.xml;1459;pull_weight;10;10;7
A/AB/ABG.xml;3124;catch_attention;10;10;5
A/AB/ABG.xml;1195;take_heart;10;10;5
A/AB/ABG.xml;918;cut_figure;10;10;11
A/AB/ABU.xml;14;hold_sway;10;00;1791
A/AB/ABU.xml;95;hold_sway;10;10;11
A/AB/ABR.xml;570;make_hay;10;10;6
A/AB/ABM.xml;226;take_heart;10;10;5
A/AB/ABM.xml;1060;catch_imagination;10;10;4
A/AB/ABM.xml;1397;hit_wall;10;10;12
A/AB/ABJ.xml;3176;make_hay;10;10;5
A/AB/ABJ.xml;2460;get_nod;10;01;1927
A/AB/ABD.xml;424;make_hay;10;03;2534
A/AB/ABD.xml;2138;make_fortune;10;10;3
A/AB/ABD.xml;243;kick_habit;10;10;12
A/AB/ABD.xml;412;make_fortune;10;10;4
A/AB/ABD.xml;2054;make_fortune;10;10;3
A/AB/ABX.xml;1264;get_sack;10;00;3051
A/AB/ABV.xml;2133;touch_nerve;10;10;11
A/AB/AB5.xml;387;take_heart;10;01;1390
A/AB/AB5.xml;653;get_drift;10;10;4
A/AB/ABW.xml;161;get_sack;10;10;4
A/AB/ABW.xml;460;pull_leg;10;10;4
A/AB/ABW.xml;214;get_sack;10;10;11
A/AB/ABW.xml;2207;have_misfortune;10;10;11
A/AB/ABP.xml;1126;give_notice;10;10;6
A/AB/ABE.xml;3177;set_fire;10;10;4
A/AB/ABE.xml;2891;see_star;10;10;4
A/AB/ABE.xml;428;hit_road;10;10;4
A/AB/ABE.xml;3175;set_fire;10;00;157
A/AB/ABK.xml;2401;pull_plug;10;10;6
A/AB/ABK.xml;1427;take_root;10;10;11
A/AB/ABK.xml;470;make_fortune;10;10;8
A/AB/AB4.xml;882;make_fortune;10;10;3
A/AB/AB3.xml;571;hold_sway;10;01;1274
A/A0/A07.xml;426;hold_sway;10;10;4
A/A0/A07.xml;539;lose_heart;10;10;3
A/A0/A0F.xml;3304;blow_whistle;10;00;123
A/A0/A08.xml;1938;make_mark;10;00;1269
A/A0/A06.xml;194;find_foot;10;10;5
A/A0/A0N.xml;1789;take_root;10;10;11
A/A0/A0N.xml;327;take_heart;10;10;6
A/A0/A0U.xml;1009;pull_plug;10;00;1630
A/A0/A0M.xml;961;pull_punch;10;01;446
A/A0/A0M.xml;1117;pull_weight;10;01;291
A/A0/A0M.xml;895;pull_punch;10;01;512
A/A0/A0J.xml;760;kick_habit;10;00;1302
A/A0/A0V.xml;449;have_future;10;10;7
A/A0/A05.xml;390;set_fire;10;10;6
A/A0/A0W.xml;496;pull_leg;10;10;4
A/A0/A0P.xml;1576;catch_attention;10;10;10
A/A0/A0P.xml;1616;catch_attention;10;10;10
A/A0/A0L.xml;2146;take_heart;10;10;10
A/A0/A0E.xml;564;catch_attention;10;10;3
A/A0/A03.xml;140;set_fire;10;10;6
A/A7/A7G.xml;476;have_future;10;00;977
A/A7/A7N.xml;1279;blow_top;10;10;6
A/A7/A77.xml;1786;hit_road;10;10;9
A/A7/A77.xml;435;hold_fort;10;10;4
A/A7/A70.xml;618;hit_roof;10;10;13
A/A7/A70.xml;250;kick_habit;10;10;4
A/A7/A7H.xml;577;lose_temper;10;10;13
A/A7/A7H.xml;1319;hold_fort;10;01;473
A/A7/A7A.xml;2621;get_nod;10;03;624
A/A7/A7K.xml;1383;cut_figure;10;02;309
A/A7/A7Y.xml;208;give_notice;10;10;2
A/A7/A7P.xml;621;catch_attention;10;10;11
A/A7/A74.xml;2168;pull_leg;10;10;11
A/A7/A74.xml;2103;blow_whistle;10;10;9
A/A7/A74.xml;503;blow_smoke;10;00;2651
A/A7/A7V.xml;294;hold_sway;10;10;8
A/A7/A7C.xml;1169;have_misfortune;10;10;4
A/A7/A7D.xml;1095;bring_luck;10;10;11
A/A7/A7J.xml;1541;blow_smoke;10;10;8
A/AE/AEB.xml;368;catch_attention;10;00;3106
A/AE/AEB.xml;2155;lose_temper;10;00;1320
A/AE/AEB.xml;1876;get_sack;10;00;1599
A/AE/AE4.xml;720;lay_waste;10;10;3
A/AE/AE4.xml;299;make_mark;10;10;10
A/AE/AE0.xml;466;kick_heel;10;10;9
A/AE/AE0.xml;3314;lose_heart;10;00;263
A/AE/AE0.xml;3366;have_misfortune;10;10;6
A/AE/AE9.xml;739;lose_head;10;10;4
A/AE/AE8.xml;212;have_misfortune;10;10;4
A/AE/AE6.xml;1393;take_root;10;10;5
A/AE/AE6.xml;91;cut_figure;10;10;3
A/AE/AE6.xml;1183;take_root;10;10;6
A/AE/AE6.xml;1165;take_root;10;10;11
A/AE/AE6.xml;79;have_fling;10;10;3
A/AA/AA2.xml;120;lay_waste;10;10;9
A/AA/AA4.xml;87;take_root;10;10;4
A/AA/AAE.xml;178;keep_tab;10;10;4
A/AA/AAE.xml;212;keep_tab;10;00;329
A/AA/AAS.xml;276;catch_imagination;10;10;11
A/AA/AAF.xml;875;hold_sway;10;10;4
A/AA/AA9.xml;229;take_root;10;10;11
A/AA/AAN.xml;322;pull_punch;10;10;3
A/AA/AAN.xml;324;pull_punch;10;10;4
A/AA/AA1.xml;84;hold_sway;10;00;692
A/AK/AK4.xml;58;take_heart;10;10;11
A/AK/AKE.xml;824;blow_whistle;10;01;878
A/AK/AKE.xml;1221;pull_punch;10;10;3
A/AK/AKD.xml;726;bring_luck;10;10;3
A/AK/AKU.xml;275;take_heart;10;10;6
A/AK/AK6.xml;368;blow_whistle;10;10;5
A/AK/AKH.xml;395;lay_waste;10;10;5
A/AK/AK9.xml;868;make_mark;10;00;1174
A/AK/AK9.xml;1751;take_heart;10;00;292
A/A9/A9D.xml;479;take_heart;10;01;595
A/A9/A9C.xml;35;make_mark;10;10;3
A/A9/A9J.xml;103;hold_sway;10;10;4
A/A9/A9W.xml;826;hold_sway;10;00;105
A/A9/A94.xml;228;take_heart;10;00;264
A/A9/A90.xml;479;have_future;10;10;3
A/A9/A99.xml;137;cut_figure;10;10;4
A/A9/A99.xml;471;keep_tab;10;10;4
A/A9/A9H.xml;417;cut_figure;10;00;779
A/A9/A9H.xml;1075;keep_tab;10;00;120
A/A9/A96.xml;1001;keep_tab;10;10;4
A/A9/A96.xml;691;pull_plug;10;00;371
A/A9/A96.xml;841;lose_cool;10;10;5
A/A3/A3C.xml;248;have_word;10;10;5
A/A3/A3D.xml;157;cut_figure;10;10;6
A/A3/A3L.xml;142;kick_heel;10;10;4
A/A3/A3W.xml;355;pull_plug;10;10;5
A/A3/A34.xml;42;set_fire;10;00;43
A/A3/A30.xml;715;lose_thread;10;10;5
A/A3/A3T.xml;277;have_misfortune;10;10;7
A/A3/A36.xml;251;make_fortune;10;10;4
A/A3/A3U.xml;299;touch_nerve;10;10;11
A/A3/A3G.xml;284;get_drift;10;10;3
A/A4/A4G.xml;231;make_fortune;10;10;6
A/A4/A46.xml;490;take_heart;10;10;2
A/A4/A46.xml;375;touch_nerve;10;10;12
A/A4/A4S.xml;54;cut_figure;10;10;4
A/A4/A49.xml;31;set_fire;10;10;5
A/A4/A40.xml;235;lose_temper;10;10;5
A/A4/A43.xml;463;pull_plug;10;10;7
A/A4/A44.xml;155;kick_habit;10;10;11
A/A4/A4E.xml;61;hold_sway;10;10;2
A/A4/A4B.xml;118;hit_roof;10;10;3
A/A4/A4K.xml;113;make_fortune;10;10;6
A/A4/A4P.xml;176;kick_heel;10;10;11
A/A4/A4P.xml;365;take_heart;10;10;6
A/A4/A42.xml;131;lose_cool;10;10;3
A/A4/A4J.xml;49;make_fortune;10;10;2
A/AR/AR8.xml;1548;make_mark;10;10;6
A/AR/ARG.xml;1665;lose_heart;10;10;7
A/AR/ARG.xml;1156;have_word;10;10;11
A/AR/ARG.xml;703;take_heart;10;10;13
A/AR/AR0.xml;61;hold_sway;10;10;4
A/AR/ART.xml;670;cut_figure;10;10;3
A/AR/ART.xml;1295;pull_punch;10;00;1082
A/AR/ARS.xml;972;make_hay;10;10;4
A/AR/ARS.xml;163;make_hay;10;10;3
A/AR/ARS.xml;116;get_sack;10;00;1319
A/AR/ARS.xml;389;pull_weight;10;00;1045
A/AR/ARF.xml;237;lose_heart;10;10;6
A/AR/ARW.xml;249;pull_weight;10;10;7
A/AR/ARK.xml;1792;blow_smoke;10;00;947
A/AR/ARK.xml;2093;hit_wall;10;10;11
A/AR/ARC.xml;599;take_root;10;10;3
A/AR/ARJ.xml;1948;have_word;10;00;1580
A/AR/ARX.xml;527;hold_sway;10;10;10
A/AR/AR5.xml;283;make_mark;10;10;10
A/AR/AR2.xml;331;see_star;10;10;7
A/AR/AR2.xml;323;see_star;10;00;885
A/AL/ALU.xml;787;take_root;10;10;3
A/AL/ALU.xml;845;make_mark;10;10;2
A/AL/AL8.xml;1256;make_mark;10;10;4
A/AL/ALH.xml;1907;see_star;10;10;3
A/AL/ALH.xml;1900;see_star;10;10;11
A/AL/ALH.xml;2621;lose_cool;10;01;377
A/AL/AL3.xml;714;have_word;10;10;6
A/AL/AL3.xml;62;make_mark;10;10;4
A/AL/AL3.xml;789;take_root;10;01;1026
A/AL/ALB.xml;186;lose_cool;10;01;162
A/AL/ALL.xml;2600;set_fire;10;00;128
A/AL/ALL.xml;306;get_wind;10;10;5
A/AL/ALL.xml;1957;blow_whistle;10;00;770
A/AL/ALL.xml;1726;blow_smoke;10;10;11
A/AL/ALL.xml;799;set_fire;10;10;7
A/AL/ALM.xml;533;hold_sway;10;10;3
A/AL/ALC.xml;196;make_hay;10;10;7
A/AL/ALX.xml;297;blow_whistle;10;00;724
A/AL/ALX.xml;991;take_heart;10;10;3
A/AL/ALX.xml;311;make_hay;10;00;712
A/AD/ADD.xml;475;take_heart;10;10;2
A/AD/ADD.xml;549;lay_waste;10;10;2
A/AD/ADD.xml;581;lose_head;10;10;6
A/AD/ADP.xml;1760;lose_temper;10;10;4
A/AD/ADY.xml;2302;make_mark;10;10;12
A/AD/ADY.xml;2719;see_star;10;01;645
A/AD/ADB.xml;427;kick_habit;10;10;7
A/AD/ADL.xml;425;pull_leg;10;10;12
A/AD/ADL.xml;1546;keep_tab;10;10;5
A/AD/ADL.xml;60;take_heart;10;10;5
A/AD/ADL.xml;1405;have_future;10;10;6
A/AD/ADK.xml;1960;pull_plug;10;00;40
A/AD/ADK.xml;1727;have_word;10;10;6
A/AD/AD9.xml;648;have_future;10;10;7
A/AD/ADS.xml;1000;catch_attention;10;10;8
A/AD/ADA.xml;693;blow_smoke;10;10;6
A/AD/ADA.xml;709;blow_smoke;10;10;12
A/AD/ADF.xml;736;hold_horse;10;10;6
A/AD/ADF.xml;746;hold_horse;10;10;11
A/AD/ADF.xml;1189;have_misfortune;10;10;4
A/AD/AD1.xml;247;pull_plug;10;01;3145
A/AD/ADG.xml;1442;make_face;10;10;8
A/AD/ADG.xml;403;make_face;10;00;1270
A/AD/ADG.xml;911;make_scene;10;01;760
A/AD/ADR.xml;17;find_foot;10;10;4
A/AD/ADR.xml;1758;make_fortune;10;10;8
A/AD/ADR.xml;1230;lose_cool;10;01;828
A/AN/ANU.xml;699;hit_roof;10;10;11
A/AN/ANU.xml;527;hit_roof;10;10;10
A/AN/AN8.xml;1848;lose_temper;10;00;695
A/AN/ANF.xml;1002;make_scene;10;10;5
A/AN/ANF.xml;1149;make_scene;10;10;6
A/AN/AN0.xml;242;take_root;10;10;4
A/AN/AN7.xml;2985;hold_sway;10;10;10
A/AN/AN7.xml;1503;catch_attention;10;00;2630
A/AN/ANP.xml;904;blow_trumpet;10;10;11
A/AN/ANP.xml;653;catch_imagination;10;10;3
A/AN/ANY.xml;715;make_mark;10;10;6
A/AN/ANY.xml;255;move_goalpost;10;10;4
A/AN/ANK.xml;539;catch_imagination;10;10;11
A/AN/ANK.xml;411;catch_imagination;10;10;6
A/AN/ANL.xml;1282;blow_whistle;10;10;15
A/AN/ANL.xml;3573;get_sack;10;10;9
A/AN/ANM.xml;1390;blow_trumpet;10;10;6
A/AN/ANJ.xml;553;have_misfortune;10;01;145
A/AN/AND.xml;770;catch_imagination;10;10;6
A/AN/AND.xml;620;catch_attention;10;00;1128
A/AN/AND.xml;239;make_mark;10;00;1510
A/AN/ANC.xml;1244;make_scene;10;10;12
A/AN/ANX.xml;1265;catch_attention;10;10;3
A/AN/ANX.xml;1090;pull_plug;10;10;5
A/AP/AP0.xml;266;see_star;10;10;12
A/AP/APS.xml;468;lay_waste;10;10;3
A/AP/APT.xml;1672;catch_imagination;10;10;4
A/AP/APT.xml;1352;hold_sway;10;10;11
A/AP/APT.xml;75;cut_figure;10;10;2
A/AP/AP6.xml;100;cut_figure;10;10;4
A/AP/APU.xml;641;give_notice;10;10;6
A/AP/APU.xml;20;lose_cool;10;00;2318
A/AP/APU.xml;492;make_pile;10;10;5
A/AP/APD.xml;1398;take_root;10;01;2
A/AP/APC.xml;2512;take_root;10;10;6
A/AP/APW.xml;3073;catch_attention;10;10;12
A/AP/APW.xml;1197;take_heart;10;10;6
A/AP/APP.xml;712;catch_imagination;10;10;12
A/AP/APE.xml;591;have_word;10;10;5
A/A6/A6C.xml;1351;lose_temper;10;10;6
A/A6/A6J.xml;1208;lose_temper;10;10;4
A/A6/A6J.xml;2058;take_root;10;10;8
A/A6/A6J.xml;1750;lose_temper;10;10;5
A/A6/A6J.xml;1183;lose_temper;10;10;6
A/A6/A6X.xml;595;hit_wall;10;10;5
A/A6/A62.xml;443;catch_attention;10;10;3
A/A6/A6Y.xml;422;make_fortune;10;00;897
A/A6/A6L.xml;1970;take_root;10;10;11
A/A6/A6L.xml;1692;blow_trumpet;10;10;11
A/A6/A6E.xml;280;blow_smoke;10;10;12
A/A6/A6E.xml;31;see_star;10;00;1617
A/A6/A69.xml;1484;have_future;10;10;6
A/A6/A6T.xml;283;get_wind;10;00;2153
A/A6/A6A.xml;296;get_nod;10;10;4
A/A6/A6A.xml;114;lose_cool;10;00;2360
A/A6/A6A.xml;1143;catch_attention;10;10;11
A/A6/A66.xml;568;lose_heart;10;10;3
A/A6/A66.xml;1233;cut_figure;10;10;4
A/A6/A66.xml;1693;take_root;10;10;5
A/A6/A66.xml;1199;make_mark;10;10;6
A/A6/A61.xml;1625;have_word;10;10;12
A/A6/A6G.xml;281;lose_head;10;10;3
A/A6/A6N.xml;89;make_fortune;10;10;13
A/A6/A6N.xml;1479;lose_temper;10;10;16
A/A6/A6R.xml;299;make_mark;10;10;3
A/A1/A17.xml;480;have_fling;10;10;7
A/A1/A17.xml;1646;lose_heart;10;01;61
A/A1/A1S.xml;299;pull_plug;10;10;5
A/A1/A1A.xml;739;blow_whistle;10;10;5
A/A1/A11.xml;314;find_foot;10;01;1341
A/A1/A1N.xml;419;cut_figure;10;10;3
A/A1/A15.xml;597;see_star;10;00;987
A/A1/A12.xml;67;catch_attention;10;10;4
A/A1/A13.xml;152;take_heart;10;10;6
A/AC/ACA.xml;23;make_face;10;10;5
A/AC/ACS.xml;1635;kick_heel;10;10;4
A/AC/ACS.xml;31;have_fling;10;10;6
A/AC/AC7.xml;321;get_sack;10;01;1477
A/AC/ACR.xml;516;kick_habit;10;10;5
A/AC/ACR.xml;1258;hit_wall;10;00;2157
A/AC/ACR.xml;1007;make_pile;10;10;4
A/AC/ACR.xml;3318;pull_weight;10;10;6
A/AC/ACR.xml;3260;move_goalpost;10;10;5
A/AC/ACN.xml;209;make_mark;10;10;5
A/AC/ACN.xml;500;have_misfortune;10;00;2170
A/AC/ACN.xml;2197;lay_waste;10;10;10
A/AC/AC6.xml;257;hold_sway;10;10;3
A/AC/AC6.xml;418;take_heart;10;00;1986
A/AC/AC6.xml;1181;have_misfortune;10;10;6
A/AC/AC2.xml;1011;hit_roof;10;10;11
A/AC/AC2.xml;1183;lose_temper;10;10;5
A/AC/AC2.xml;469;hold_fort;10;00;2100
A/AC/AC2.xml;351;hit_roof;10;00;2216
A/AC/AC5.xml;323;catch_death;10;10;12
A/AC/ACX.xml;1051;make_hay;10;10;11
A/AC/ACX.xml;1407;take_root;10;10;12
A/AC/ACV.xml;2472;catch_death;10;00;316
A/AC/ACV.xml;761;catch_death;10;10;10
A/AC/AC3.xml;1265;make_scene;10;10;11
A/AC/AC3.xml;1948;hit_road;10;10;11
A/AC/ACB.xml;1348;have_fling;10;00;2365
A/AC/ACB.xml;942;get_wind;10;00;2776
A/AC/ACE.xml;3834;catch_attention;10;10;7
A/AC/ACE.xml;572;lose_heart;10;00;3442
A/AC/ACE.xml;3869;pull_leg;10;00;149
A/AC/ACK.xml;570;set_fire;10;02;2534
A/AC/ACK.xml;2483;lose_heart;10;10;4
A/AC/ACW.xml;1605;catch_death;10;10;10
A/AC/ACP.xml;1209;hit_wall;10;10;6
A/AC/ACP.xml;1197;keep_tab;10;10;12
A/AC/ACY.xml;228;catch_imagination;10;10;11
A/AS/ASU.xml;109;lay_waste;10;10;5
A/AS/ASR.xml;603;lay_waste;10;10;10
A/AS/AS6.xml;800;take_root;10;10;10
A/AS/AS6.xml;10;hold_sway;10;10;6
A/AS/AS1.xml;187;make_hay;10;10;11
A/AS/ASA.xml;1262;make_fortune;10;10;7
A/AS/ASA.xml;622;get_sack;10;10;12
A/AS/ASA.xml;119;make_fortune;10;00;2046
A/AS/ASH.xml;152;catch_attention;10;10;11
A/AS/AS4.xml;831;lay_waste;10;10;6
A/AS/AS3.xml;828;set_fire;10;02;797
A/AS/ASE.xml;2049;set_fire;10;00;151
A/AS/ASE.xml;1531;kick_heel;10;10;4
A/AS/ASE.xml;124;make_fortune;10;03;2076
A/AS/ASE.xml;334;hold_fire;10;00;1866
A/AS/ASE.xml;1199;bring_luck;10;10;11
A/AS/ASK.xml;1845;pull_plug;10;10;11
A/AS/ASW.xml;536;lay_waste;10;10;3
A/AS/ASY.xml;71;hold_sway;10;10;4
A/AS/ASV.xml;2118;take_root;10;10;4
A/AS/ASV.xml;1239;blow_whistle;10;10;4
A/AY/AYK.xml;1164;pull_weight;10;00;787
A/AY/AYK.xml;1110;make_face;10;10;13
A/AY/AYP.xml;1866;give_notice;10;10;7
A/AY/AYP.xml;914;give_notice;10;10;6
A/AY/AYP.xml;3286;have_misfortune;10;00;56
A/AY/AYM.xml;748;make_mark;10;10;4
A/AM/AMS.xml;1394;lay_waste;10;10;3
A/AM/AM8.xml;1733;make_mark;10;00;129
A/AM/AMG.xml;928;take_root;10;10;4
A/AM/AMU.xml;2319;pull_plug;10;10;11
A/AM/AMM.xml;55;have_word;10;10;2
A/AM/AMW.xml;714;find_foot;10;10;6
A/AM/AMW.xml;956;take_heart;10;10;6
A/AM/AMK.xml;1128;hold_fort;10;10;7
A/AM/AMK.xml;1160;touch_nerve;10;10;7
A/AM/AM4.xml;731;hit_roof;10;10;6
A/A5/A5Y.xml;441;pull_weight;10;10;5
A/A5/A5E.xml;12;touch_nerve;10;10;4
A/A5/A5C.xml;93;kick_heel;10;10;3
A/A5/A5M.xml;250;make_fortune;10;00;220
A/A5/A51.xml;61;make_hit;10;10;4
A/A5/A5U.xml;108;make_hay;10;10;11
A/A5/A5R.xml;642;pull_plug;10;10;6
A/A5/A5F.xml;26;get_wind;10;10;3
A/A2/A2S.xml;136;lose_head;10;00;547
A/A2/A2P.xml;355;catch_imagination;10;10;7
A/A2/A23.xml;83;pull_plug;10;00;36
A/A2/A2X.xml;253;blow_whistle;10;10;3
A/A2/A2X.xml;69;set_fire;10;10;3
A/A2/A25.xml;128;cut_figure;10;03;14
A/A8/A83.xml;72;take_root;10;10;3
A/A8/A8X.xml;603;hold_fire;10;10;12
A/A8/A88.xml;378;hold_sway;10;10;10
A/AJ/AJY.xml;2238;get_nod;10;10;16
A/AJ/AJY.xml;1943;make_hay;10;00;314
A/AJ/AJM.xml;848;have_future;10;10;11
A/AJ/AJM.xml;838;make_mark;10;10;11
A/AJ/AJJ.xml;469;make_fortune;10;10;4
A/AJ/AJD.xml;908;hold_fire;10;10;5
A/AJ/AJD.xml;39;lose_temper;10;10;9
A/AJ/AJ6.xml;168;pull_plug;10;10;5
A/AJ/AJ6.xml;929;catch_imagination;10;10;6
A/AJ/AJ6.xml;176;pull_plug;10;00;970
A/AJ/AJ6.xml;166;pull_plug;10;00;980
A/AJ/AJF.xml;150;catch_attention;10;10;11
A/AT/ATE.xml;2545;take_root;10;10;3
A/AT/ATE.xml;2786;hit_wall;10;00;487
A/AT/AT3.xml;2019;catch_attention;10;00;533
A/AT/AT6.xml;1904;get_wind;10;00;318
A/AT/AT6.xml;1795;get_wind;10;00;429
A/AT/AT6.xml;1668;get_wind;10;00;554
A/AT/AT1.xml;34;cut_figure;10;10;4
A/AT/ATG.xml;734;touch_nerve;10;10;5
F/F7/F7X.xml;229;have_word;10;00;283
F/F7/F7X.xml;501;have_word;10;00;7
F/FE/FEU.xml;574;have_word;10;10;11
F/FE/FEF.xml;881;have_future;10;10;10
F/FE/FEP.xml;1357;see_star;10;10;6
F/FE/FEE.xml;2644;lose_temper;10;10;7
F/FE/FEE.xml;37;get_sack;10;10;13
F/FE/FEE.xml;1797;take_root;10;01;1489
F/FE/FEE.xml;1951;lay_waste;10;10;13
F/FE/FEB.xml;281;get_wind;10;10;13
F/FE/FEB.xml;1007;bring_luck;10;10;9
F/FE/FEM.xml;2498;catch_attention;10;10;4
F/FE/FEM.xml;939;blow_smoke;10;10;12
F/FE/FEV.xml;1061;hit_wall;10;10;12
F/FE/FEV.xml;1151;blow_whistle;10;00;810
F/FB/FBA.xml;828;bring_luck;10;10;5
F/FB/FBA.xml;143;have_future;10;10;3
F/FB/FB8.xml;129;make_fortune;10;10;5
F/FB/FBR.xml;323;find_foot;10;10;4
F/FB/FBG.xml;1697;hold_fort;10;10;13
F/FB/FBG.xml;1271;pull_plug;10;10;11
F/FB/FBM.xml;324;set_fire;10;10;6
F/FB/FBM.xml;1010;make_fortune;10;10;11
F/FB/FBM.xml;1428;have_misfortune;10;03;3112
F/FB/FBM.xml;364;set_fire;10;01;4176
F/FB/FBJ.xml;918;set_fire;10;10;3
F/FB/FB5.xml;880;hold_sway;10;10;5
F/FB/FBL.xml;3184;kick_habit;10;10;4
F/FB/FBL.xml;3417;lose_cool;10;00;192
F/FB/FBL.xml;748;make_fortune;10;00;2862
F/FB/FBL.xml;2469;take_heart;10;00;1138
F/FB/FBL.xml;1977;lose_temper;10;10;5
F/FB/FBB.xml;370;give_sack;10;10;3
F/FF/FF0.xml;1123;set_fire;10;10;3
F/FX/FXT.xml;714;blow_trumpet;10;10;11
F/FX/FXU.xml;186;get_sack;10;10;12
F/FR/FR5.xml;2347;lose_temper;10;00;293
F/FR/FR5.xml;1718;set_fire;10;01;927
F/FR/FRJ.xml;51;get_nod;10;01;2182
F/FR/FRC.xml;3114;make_face;10;01;95
F/FR/FRC.xml;146;catch_attention;10;00;3066
F/FR/FRC.xml;1043;kick_heel;10;10;13
F/FR/FRC.xml;1918;kick_heel;10;10;11
F/FR/FRC.xml;182;blow_whistle;10;01;3029
F/FR/FR3.xml;1691;take_heart;10;10;10
F/FR/FRF.xml;288;catch_attention;10;00;3752
F/FR/FRF.xml;397;keep_tab;10;00;3642
F/FR/FRH.xml;2050;make_pile;10;10;6
F/FR/FRH.xml;3171;make_fortune;10;10;13
F/FR/FRH.xml;421;lose_head;10;10;7
F/FR/FRH.xml;3430;make_fortune;10;10;11
F/FR/FRH.xml;2728;make_pile;10;03;1382
F/FR/FRH.xml;1270;lose_thread;10;00;2842
F/FR/FRH.xml;3063;bring_luck;10;00;1045
F/FR/FRH.xml;1822;make_fortune;10;00;2288
F/FR/FRS.xml;1304;blow_smoke;10;10;7
F/FR/FRS.xml;2448;blow_smoke;10;00;1046
F/FR/FRS.xml;1926;lose_temper;10;10;7
F/FR/FRS.xml;2920;find_foot;10;10;11
F/FR/FRS.xml;2088;lose_temper;10;00;1402
F/FR/FR9.xml;1468;kick_heel;10;10;14
F/FR/FR9.xml;1575;get_drift;10;10;5
F/FR/FR0.xml;781;make_fortune;10;00;3612
F/FR/FRU.xml;400;lose_heart;10;00;674
F/FR/FR6.xml;2217;make_fortune;10;00;506
F/FU/FUJ.xml;2551;have_future;10;10;8
F/FU/FUL.xml;758;have_word;10;00;1810
F/FU/FUB.xml;907;take_heart;10;10;7
F/FU/FUB.xml;372;set_fire;10;00;671
F/FU/FUB.xml;886;make_fortune;10;00;155
F/FU/FU8.xml;2168;hold_horse;10;10;2
F/FU/FU8.xml;2085;make_mark;10;10;5
F/FU/FU6.xml;1460;lose_cool;10;10;12
F/FA/FAM.xml;41;hold_sway;10;00;1605
F/FA/FAJ.xml;887;take_heart;10;10;3
F/FA/FAV.xml;1145;pull_punch;10;10;7
F/FA/FAW.xml;499;find_foot;10;10;6
F/FA/FAP.xml;179;blow_smoke;10;00;4259
F/FA/FAP.xml;1446;lose_temper;10;00;2995
F/FA/FAB.xml;3052;pull_leg;10;00;1191
F/FA/FAB.xml;1948;blow_smoke;10;10;10
F/FA/FAB.xml;2085;blow_smoke;10;00;2159
F/FA/FAB.xml;4045;make_fortune;10;00;200
F/FA/FAE.xml;478;make_fortune;10;10;8
F/FA/FAE.xml;48;make_mark;10;10;3
F/FA/FAE.xml;963;cut_figure;10;10;3
F/FA/FAE.xml;637;catch_death;10;10;4
F/FA/FAE.xml;574;kick_heel;10;10;3
F/FA/FAH.xml;925;take_root;10;10;4
F/FA/FAF.xml;1312;touch_nerve;10;00;381
F/FA/FA6.xml;575;have_future;10;10;6
F/FA/FAU.xml;1955;give_notice;10;10;4
F/FA/FAU.xml;981;pull_weight;10;10;11
F/FA/FAU.xml;1958;give_notice;10;10;11
F/F9/F9R.xml;1560;make_pile;10;10;6
F/F9/F9R.xml;2457;have_future;10;00;811
F/F9/F9R.xml;1227;lose_head;10;10;6
F/F9/F9U.xml;1678;make_scene;10;10;11
F/F9/F9T.xml;547;have_word;10;10;5
F/F9/F9T.xml;1940;take_heart;10;10;4
F/F9/F9Y.xml;59;hit_wall;10;10;10
F/F9/F9P.xml;508;have_future;10;00;1131
F/F9/F9X.xml;2611;see_star;10;10;11
F/F9/F9C.xml;3187;hit_roof;10;01;157
F/F9/F9C.xml;1863;move_goalpost;10;00;1484
F/F9/F9J.xml;1289;bring_luck;10;10;6
F/F9/F9J.xml;524;make_fortune;10;10;12
F/F9/F9M.xml;716;blow_whistle;10;10;6
F/F9/F9M.xml;717;blow_whistle;10;10;7
F/FC/FCH.xml;179;give_notice;10;10;4
F/FC/FCK.xml;405;hold_sway;10;10;6
F/FC/FC5.xml;310;hold_sway;10;10;3
F/FC/FCM.xml;141;give_notice;10;10;6
F/FP/FPN.xml;1414;blow_top;10;00;109
F/FP/FPU.xml;331;make_fortune;10;01;1778
F/FP/FPU.xml;1060;make_fortune;10;00;1053
F/FP/FPU.xml;967;make_fortune;10;00;1147
F/FP/FP1.xml;934;catch_imagination;10;10;4
F/FP/FP6.xml;1638;hit_wall;10;10;12
F/FP/FPF.xml;753;make_fortune;10;10;10
F/FP/FPF.xml;1874;lay_waste;10;01;2213
F/FP/FPF.xml;1169;make_pile;10;00;2917
F/FP/FP9.xml;572;take_root;10;10;4
F/FP/FP3.xml;626;see_star;10;10;6
F/FP/FP3.xml;1214;have_word;10;10;5
F/FP/FPW.xml;285;cut_figure;10;10;6
F/FP/FPW.xml;534;hold_horse;10;10;6
F/FP/FPW.xml;1175;lose_head;10;10;5
F/FP/FPK.xml;955;make_face;10;10;10
F/FP/FPK.xml;159;touch_nerve;10;10;5
F/FP/FP2.xml;1229;pull_weight;10;10;6
F/FP/FPM.xml;2539;make_fortune;10;00;429
F/FP/FPM.xml;1493;catch_death;10;10;11
F/FP/FPV.xml;667;set_fire;10;00;402
F/FD/FD1.xml;397;give_notice;10;00;404
F/FD/FD1.xml;279;give_notice;10;10;11
F/FD/FD3.xml;844;make_scene;10;10;7
F/FN/FNW.xml;1908;get_drift;10;10;16
F/FN/FNW.xml;3405;lose_temper;10;00;238
F/FN/FNW.xml;22;make_fortune;10;10;6
F/FN/FNW.xml;3029;see_star;10;00;623
F/FN/FNX.xml;984;lose_heart;10;10;12
F/FN/FNX.xml;1266;make_fortune;10;10;12
F/FN/FNU.xml;2408;lose_heart;10;10;6
F/FN/FNU.xml;2046;catch_attention;10;10;6
F/FN/FNS.xml;522;blow_trumpet;10;10;12
F/FN/FNT.xml;3297;lose_thread;10;10;3
F/FN/FNT.xml;1675;cut_figure;10;01;2768
F/FN/FNT.xml;1286;hold_fire;10;10;4
F/F8/F8U.xml;423;hit_road;10;00;914
F/FT/FTX.xml;464;make_mark;10;10;4
F/FT/FTX.xml;442;hold_fort;10;10;3
F/FT/FT5.xml;1711;take_heart;10;07;8
F/FT/FTW.xml;4;pull_punch;10;00;1550
F/FT/FTW.xml;517;hold_sway;10;10;5
F/FT/FT9.xml;330;blow_whistle;10;10;5
F/FT/FT7.xml;181;lose_temper;10;02;610
F/FT/FTT.xml;1444;make_hay;10;10;7
F/FT/FT8.xml;608;hit_wall;10;10;12
F/FT/FT8.xml;1553;have_future;10;10;6
F/FT/FT8.xml;570;make_scene;10;01;2667
F/FM/FMB.xml;90;set_fire;10;00;330
F/FM/FM4.xml;1439;take_root;10;00;225
F/FS/FS5.xml;1516;get_sack;10;00;42
F/FS/FSV.xml;847;get_nod;10;10;5
F/FS/FS3.xml;17;hold_horse;10;00;944
F/FS/FSB.xml;345;pull_leg;10;00;840
F/FS/FSP.xml;185;make_fortune;10;00;2428
F/FS/FSP.xml;1689;take_root;10;10;4
F/FS/FSF.xml;1998;catch_attention;10;10;6
F/FS/FSS.xml;575;give_notice;10;10;12
F/FS/FS0.xml;493;take_root;10;10;7
F/FS/FS0.xml;558;catch_attention;10;10;8
F/FS/FS0.xml;847;hit_wall;10;10;11
F/FS/FS0.xml;1718;lose_temper;10;10;10
F/FS/FS0.xml;503;pull_punch;10;00;1475
F/FS/FS0.xml;1400;pull_leg;10;10;12
F/FS/FSU.xml;224;hold_sway;10;03;1276
F/FS/FSU.xml;1016;lay_waste;10;10;4
F/FS/FSU.xml;95;hold_sway;10;10;4
F/FS/FSR.xml;346;make_face;10;00;2448
F/FS/FSR.xml;766;pull_leg;10;10;10
F/FY/FYW.xml;1185;kick_habit;10;10;7
F/FY/FYY.xml;1545;get_nod;10;10;5
F/FY/FYY.xml;2524;see_star;10;10;6
F/FY/FYY.xml;2293;set_fire;10;10;6
F/FY/FYY.xml;1247;make_face;10;03;1429
F/FY/FYX.xml;1008;see_star;10;10;11
F/FY/FYX.xml;1578;see_star;10;10;11
F/FY/FYX.xml;1732;make_fortune;10;00;2
F/FY/FYV.xml;3136;cut_figure;10;01;639
F/FY/FYV.xml;337;see_star;10;10;13
F/FY/FYV.xml;2366;see_star;10;10;6
F/FY/FY5.xml;51;make_pile;10;00;892
F/FY/FY8.xml;408;lose_heart;10;10;4
F/FY/FY0.xml;211;blow_whistle;10;00;146
F/FY/FYF.xml;125;set_fire;10;00;424
F/FY/FYH.xml;35;get_sack;10;10;7
C/CN/CN1.xml;1243;lose_heart;10;00;1306
C/CN/CNG.xml;2;make_mark;10;10;5
C/CN/CNE.xml;224;make_hay;10;10;9
C/CN/CN3.xml;80;catch_attention;10;10;12
C/CN/CN3.xml;2337;hit_road;10;10;10
C/CN/CN3.xml;1442;blow_top;10;00;2667
C/CN/CN3.xml;1244;catch_attention;10;00;2866
C/CN/CN3.xml;1532;lose_temper;10;10;10
C/CN/CN2.xml;75;keep_tab;10;10;6
C/CN/CN5.xml;994;kick_habit;10;10;3
C/CD/CD6.xml;847;find_foot;10;10;11
C/CD/CD8.xml;1785;blow_trumpet;10;10;4
C/CD/CD8.xml;35;hold_horse;10;10;5
C/CD/CDR.xml;141;kick_habit;10;10;11
C/CD/CDN.xml;1435;make_face;10;01;887
C/CD/CDN.xml;1893;have_word;10;10;11
C/CD/CDN.xml;974;get_wind;10;10;11
C/CD/CDG.xml;1541;lose_cool;10;10;4
C/CD/CDG.xml;262;blow_top;10;01;1918
C/CD/CDG.xml;1905;blow_top;10;10;10
C/CD/CDG.xml;1139;blow_top;10;10;5
C/CD/CDG.xml;219;make_scene;10;10;11
C/CD/CD9.xml;105;make_hay;10;10;7
C/CD/CD9.xml;619;lose_heart;10;10;11
C/CD/CD9.xml;126;have_word;10;10;13
C/CD/CDA.xml;295;keep_tab;10;10;6
C/CD/CDF.xml;1454;have_future;10;00;960
C/CD/CDT.xml;1078;have_misfortune;10;10;13
C/CD/CDS.xml;770;blow_whistle;10;10;7
C/CD/CDE.xml;43;make_scene;10;10;12
C/CD/CDE.xml;363;kick_heel;10;10;11
C/CD/CDB.xml;833;have_misfortune;10;10;11
C/CD/CDB.xml;1708;take_root;10;10;8
C/CD/CDP.xml;1141;give_notice;10;10;5
C/CD/CDY.xml;3194;have_word;10;01;15
C/CD/CDY.xml;789;give_notice;10;10;11
C/CD/CDY.xml;542;lose_temper;10;00;2672
C/CD/CDY.xml;1151;catch_death;10;10;11
C/CD/CD4.xml;78;take_root;10;10;10
C/CD/CDX.xml;2753;make_scene;10;10;10
C/CD/CDV.xml;1512;bring_luck;10;10;3
C/CD/CDM.xml;2449;get_wind;10;10;5
C/CD/CDC.xml;473;catch_imagination;10;10;3
C/CD/CD5.xml;1156;make_mark;10;10;5
C/CD/CD5.xml;1934;take_heart;10;10;4
C/CP/CPJ.xml;17;pull_plug;10;10;3
C/CP/CPW.xml;198;have_misfortune;10;10;4
C/CP/CP7.xml;139;hold_sway;10;10;11
C/CC/CCG.xml;77;lose_heart;10;00;383
C/CC/CCS.xml;514;set_fire;10;10;3
C/CC/CCS.xml;243;catch_attention;10;10;4
C/CC/CCT.xml;909;take_heart;10;00;487
C/CC/CCH.xml;6;take_heart;10;00;489
C/CC/CC9.xml;244;blow_trumpet;10;10;5
C/CC/CC0.xml;65;take_heart;10;10;10
C/CC/CC0.xml;546;pull_punch;10;10;3
C/CC/CC0.xml;171;kick_heel;10;10;7
C/CC/CCW.xml;1320;blow_smoke;10;10;5
C/CC/CCW.xml;1537;make_face;10;10;13
C/CC/CCW.xml;2101;kick_habit;10;00;339
C/CC/CCW.xml;1350;blow_smoke;10;10;6
C/CC/CCP.xml;690;move_goalpost;10;10;3
C/CC/CCP.xml;151;kick_heel;10;10;5
C/CC/CCE.xml;1770;get_sack;10;10;6
C/CC/CCE.xml;1551;touch_nerve;10;10;7
C/CC/CCE.xml;920;take_root;10;10;6
C/CC/CCE.xml;1016;take_root;10;10;6
C/CC/CCE.xml;889;blow_trumpet;10;10;12
C/CC/CCE.xml;122;make_mark;10;10;5
C/CC/CCE.xml;1786;take_heart;10;00;46
C/CC/CCK.xml;1241;give_notice;10;10;5
C/CC/CCK.xml;191;cut_figure;10;10;5
C/CC/CCL.xml;1928;find_foot;10;10;9
C/CC/CCM.xml;1064;hold_sway;10;10;13
C/CC/CCJ.xml;311;make_scene;10;10;12
C/CC/CCD.xml;1328;take_heart;10;10;5
C/CC/CCD.xml;753;catch_death;10;10;13
C/CC/CCD.xml;828;lose_heart;10;10;9
C/CC/CCD.xml;935;catch_attention;10;00;1735
C/CC/CCC.xml;1057;blow_whistle;10;02;930
C/CS/CS8.xml;120;get_nod;10;10;8
C/CS/CSG.xml;85;make_mark;10;10;3
C/CS/CSA.xml;120;hit_wall;10;10;3
C/CS/CSS.xml;290;pull_plug;10;10;4
C/CS/CSS.xml;35;get_wind;10;10;11
C/CS/CSB.xml;230;pull_plug;10;10;4
C/CS/CS4.xml;1971;see_star;10;10;11
C/CS/CS4.xml;300;get_wind;10;10;11
C/CS/CSJ.xml;23;keep_tab;10;10;5
C/CS/CSM.xml;91;blow_trumpet;10;10;3
C/CS/CS5.xml;368;lose_temper;10;10;4
C/CG/CGD.xml;88;hold_sway;10;10;6
C/CG/CGC.xml;2138;set_fire;10;00;64
C/CG/CGV.xml;408;make_scene;10;10;11
C/CG/CGX.xml;703;C/CG/CG2.xml;349;hold_sway;10;10;5
C/CG/CG5.xml;1383;keep_tab;10;01;407
C/CG/CG5.xml;863;blow_smoke;10;10;6
C/CG/CGW.xml;325;make_scene;10;01;1126
C/CG/CGE.xml;2448;lose_heart;10;10;11
C/CG/CGE.xml;179;catch_attention;10;00;2439
C/CG/CGE.xml;476;blow_whistle;10;00;2142
C/CG/CG3.xml;156;take_root;10;10;11
C/CG/CG3.xml;1581;set_fire;10;10;5
C/CG/CG3.xml;87;lose_heart;10;02;2091
C/CG/CG0.xml;1230;take_root;10;10;7
C/CG/CG9.xml;41;hold_sway;10;10;10
C/CG/CGT.xml;336;lose_temper;10;00;1646
C/CG/CGT.xml;360;lose_temper;10;00;1623
C/CG/CGT.xml;835;lose_temper;10;00;1147
C/CG/CGT.xml;684;make_scene;10;10;11
C/CG/CGT.xml;833;lose_temper;10;10;13
C/CG/CGH.xml;1963;pull_plug;10;10;11
C/CG/CG1.xml;24;hold_sway;10;00;1475
C/CG/CG1.xml;1327;give_notice;10;00;172
C/CG/CGU.xml;164;blow_top;10;10;12
C/CM/CMT.xml;512;take_root;10;10;4
C/CM/CM1.xml;2160;lay_waste;10;10;6
C/CM/CMU.xml;482;move_goalpost;10;10;4
C/CM/CMC.xml;641;take_root;10;10;3
C/CM/CMC.xml;51;take_root;10;10;4
C/CM/CMJ.xml;855;make_face;10;00;1452
C/CM/CMP.xml;426;hold_fire;10;10;5
C/CM/CMP.xml;119;catch_attention;10;10;6
C/CM/CMP.xml;633;kick_heel;10;01;2164
C/CM/CMP.xml;346;hold_fire;10;10;13
C/CM/CMP.xml;1596;kick_heel;10;10;6
C/CM/CMP.xml;1981;catch_attention;10;01;816
C/CM/CMW.xml;19;hit_wall;10;10;6
C/CM/CMB.xml;1383;C/CM/CM4.xml;898;blow_trumpet;10;10;7
C/C8/C8P.xml;481;make_face;10;10;8
C/C8/C8P.xml;787;blow_whistle;10;00;1415
C/C8/C8P.xml;510;make_face;10;10;7
C/C8/C8P.xml;327;blow_whistle;10;10;11
C/C8/C8L.xml;1851;take_root;10;00;453
C/C8/C8E.xml;1735;have_misfortune;10;10;7
C/C8/C8D.xml;2185;catch_attention;10;10;6
C/C8/C8M.xml;364;set_fire;10;00;1172
C/C8/C88.xml;1316;kick_habit;10;10;4
C/C8/C8R.xml;1209;hold_sway;10;10;5
C/C8/C8R.xml;774;give_notice;10;10;16
C/C8/C8R.xml;1095;lose_head;10;10;3
C/C8/C87.xml;1487;catch_attention;10;10;12
C/C8/C8S.xml;2824;find_foot;10;10;15
C/C8/C8S.xml;1386;get_wind;10;10;14
C/C8/C8A.xml;197;hit_roof;10;00;2296
C/C8/C8A.xml;583;kick_habit;10;10;11
C/CJ/CJJ.xml;2709;catch_attention;10;10;11
C/CJ/CJD.xml;789;lose_temper;10;10;4
C/CJ/CJX.xml;1477;find_foot;10;10;14
C/CJ/CJP.xml;525;catch_attention;10;10;3
C/CJ/CJK.xml;192;find_foot;10;10;6
C/CJ/CJT.xml;1456;lose_head;10;10;7
C/CJ/CJT.xml;1620;have_word;10;00;848
C/CJ/CJA.xml;964;blow_smoke;10;10;12
C/CJ/CJA.xml;719;pull_plug;10;10;12
C/CJ/CJF.xml;601;hold_fire;10;00;2265
C/CJ/CJF.xml;604;have_word;10;10;7
C/CJ/CJF.xml;351;have_word;10;00;2515
C/CJ/CJG.xml;1358;cut_figure;10;10;6
C/CT/CTA.xml;357;take_heart;10;10;6
C/CT/CTR.xml;196;pull_plug;10;10;12
C/CT/CTU.xml;126;pull_plug;10;10;11
C/CT/CTV.xml;269;lose_head;10;10;7
C/CT/CTX.xml;500;keep_tab;10;10;3
C/CT/CTC.xml;101;pull_plug;10;10;3
C/CT/CTD.xml;419;lose_head;10;00;1
C/CT/CTM.xml;57;blow_trumpet;10;10;3
C/CT/CT3.xml;281;hold_sway;10;10;3
C/CT/CTL.xml;126;pull_plug;10;10;3
C/CB/CBW.xml;3504;give_notice;10;10;12
C/CB/CBW.xml;1851;have_future;10;10;6
C/CB/CBW.xml;2519;have_future;10;10;12
C/CB/CBP.xml;1015;cut_figure;10;10;4
C/CB/CBY.xml;1979;kick_habit;10;10;4
C/CB/CBY.xml;135;find_foot;10;10;10
C/CB/CBB.xml;153;lay_waste;10;10;3
C/CB/CBE.xml;1083;kick_habit;10;10;6
C/CB/CBE.xml;1084;kick_habit;10;10;12
C/CB/CBE.xml;2061;have_fling;10;10;5
C/CB/CBE.xml;2574;blow_whistle;10;10;11
C/CB/CB4.xml;1143;lose_temper;10;10;10
C/CB/CB3.xml;464;blow_whistle;10;10;11
C/CB/CBJ.xml;210;take_root;10;10;4
C/CB/CBD.xml;362;pull_plug;10;00;951
C/CB/CBC.xml;6305;make_fortune;10;00;9027
C/CB/CBC.xml;7717;make_mark;10;10;7
C/CB/CBC.xml;11303;have_misfortune;10;01;4029
C/CB/CBC.xml;9960;make_fortune;10;01;5372
C/CB/CBC.xml;13799;give_sack;10;00;1
C/CB/CBC.xml;5164;find_foot;10;10;10
C/CB/CBC.xml;11087;cut_figure;10;10;13
C/CB/CBC.xml;13119;lose_temper;10;10;13
C/CB/CBX.xml;1088;take_heart;10;10;11
C/CB/CBX.xml;1104;take_heart;10;00;3211
C/CB/CB2.xml;104;pull_leg;10;10;10
C/CB/CB2.xml;1073;take_heart;10;10;11
C/CB/CB5.xml;13;give_notice;10;02;3416
C/CB/CB6.xml;473;make_hay;10;10;6
C/CB/CB6.xml;243;lay_waste;10;10;3
C/CB/CB8.xml;915;move_goalpost;10;10;8
C/CB/CB8.xml;3227;give_sack;10;10;10
C/CB/CB8.xml;2443;lose_heart;10;10;6
C/CB/CB8.xml;3421;hold_fort;10;00;3
C/CB/CBN.xml;313;lose_temper;10;00;2095
C/CB/CBN.xml;999;pull_punch;10;10;7
C/CB/CBG.xml;7297;cut_figure;10;01;5761
C/CB/CBG.xml;7302;find_foot;10;10;4
C/CB/CBG.xml;8456;lose_cool;10;01;4602
C/CB/CBG.xml;5001;blow_top;10;01;8057
C/CB/CBG.xml;9748;keep_tab;10;10;5
C/CB/CBG.xml;8430;hit_wall;10;10;8
C/CB/CBG.xml;11422;have_future;10;10;3
C/CB/CBG.xml;9257;blow_top;10;00;3801
C/CB/CBG.xml;9775;hold_sway;10;10;7
C/CB/CBG.xml;4402;kick_heel;10;10;6
C/CB/CBG.xml;11456;hold_horse;10;10;5
C/CB/CBG.xml;12741;have_future;10;10;14
C/CB/CBG.xml;734;have_misfortune;10;10;7
C/CB/CBG.xml;5087;blow_top;10;10;12
C/CB/CBG.xml;6627;find_foot;10;00;6434
C/CB/CBG.xml;4583;blow_top;10;10;12
C/CB/CBG.xml;6634;find_foot;10;00;6439
C/CB/CBG.xml;9582;have_word;10;00;3477
C/CB/CBG.xml;6387;hit_road;10;10;3
C/CB/CBG.xml;11636;find_foot;10;10;12
C/CB/CBG.xml;10901;lose_heart;10;10;10
C/CB/CB9.xml;59;hold_sway;10;10;4
C/CB/CB9.xml;1420;have_misfortune;10;10;4
C/CB/CB0.xml;943;lose_temper;10;10;11
C/CB/CBT.xml;395;blow_whistle;10;10;10
C/CB/CBT.xml;1596;take_heart;10;01;1953
C/CB/CBF.xml;3812;kick_habit;10;10;8
C/CB/CBF.xml;13221;give_notice;10;10;11
C/CB/CBF.xml;936;have_future;10;10;12
C/CB/CBF.xml;8972;make_mark;10;10;8
C/CB/CBF.xml;6807;see_star;10;01;7693
C/CB/CBF.xml;6372;have_word;10;00;8129
C/CB/CBF.xml;10846;set_fire;10;10;11
C/CB/CBA.xml;336;hold_sway;10;10;6
C/CH/CHU.xml;258;make_mark;10;00;1557
C/CH/CHU.xml;118;cut_figure;10;10;11
C/CH/CH6.xml;5584;keep_tab;10;10;12
C/CH/CH6.xml;5441;pull_weight;10;00;4170
C/CH/CH6.xml;7088;blow_whistle;10;00;2524
C/CH/CH6.xml;6643;lose_cool;10;10;6
C/CH/CH6.xml;670;make_mark;10;00;8942
C/CH/CH6.xml;6165;lose_head;10;00;3447
C/CH/CH6.xml;3223;give_notice;10;10;6
C/CH/CH6.xml;3802;hit_wall;10;10;12
C/CH/CH1.xml;3409;make_hit;10;01;6568
C/CH/CH1.xml;7762;have_future;10;10;3
C/CH/CH1.xml;3987;see_star;10;10;6
C/CH/CH1.xml;8793;lose_cool;10;00;1184
C/CH/CH1.xml;8797;pull_punch;10;10;3
C/CH/CH8.xml;1496;give_sack;10;00;945
C/CH/CH8.xml;1249;set_fire;10;10;6
C/CH/CH8.xml;5;keep_tab;10;00;2436
C/CH/CH8.xml;2318;see_star;10;10;10
C/CH/CH8.xml;2319;see_star;10;00;125
C/CH/CHS.xml;1768;give_notice;10;10;11
C/CH/CHS.xml;1739;give_notice;10;10;12
C/CH/CHA.xml;1736;blow_trumpet;10;01;3081
C/CH/CHA.xml;937;catch_imagination;10;10;2
C/CH/CHA.xml;4530;set_fire;10;10;11
C/CH/CHA.xml;3083;make_fortune;10;10;8
C/CH/CHA.xml;4007;make_pile;10;01;809
C/CH/CH9.xml;277;blow_smoke;10;10;9
C/CH/CH7.xml;1608;pull_plug;10;10;5
C/CH/CH7.xml;3017;kick_heel;10;10;7
C/CH/CH7.xml;5133;get_nod;10;10;14
C/CH/CH7.xml;1614;blow_top;10;01;3825
C/CH/CH7.xml;4592;find_foot;10;10;4
C/CH/CH7.xml;4401;kick_heel;10;10;8
C/CH/CH7.xml;3634;blow_top;10;10;13
C/CH/CH7.xml;3637;blow_top;10;10;10
C/CH/CH7.xml;3863;pull_punch;10;00;1578
C/CH/CH7.xml;1304;find_foot;10;10;11
C/CH/CH7.xml;1786;lose_heart;10;10;13
C/CH/CH7.xml;5214;move_goalpost;10;10;8
C/CH/CH4.xml;1297;lose_temper;10;00;2220
C/CH/CH4.xml;2285;lose_cool;10;00;1232
C/CH/CH3.xml;6754;hit_roof;10;01;931
C/CH/CH3.xml;1188;pull_plug;10;10;8
C/CH/CH3.xml;7142;take_heart;10;10;13
C/CH/CH3.xml;6662;catch_attention;10;10;6
C/CH/CH3.xml;1356;lose_heart;10;00;6330
C/CH/CH3.xml;3307;make_pile;10;00;4380
C/CH/CH3.xml;4460;get_sack;10;00;3226
C/CH/CH3.xml;3693;get_nod;10;10;5
C/CH/CH3.xml;4721;kick_heel;10;10;11
C/CH/CH3.xml;82;blow_whistle;10;00;7604
C/CH/CH3.xml;7177;pull_plug;10;10;6
C/CH/CH3.xml;7061;have_future;10;00;627
C/CH/CH3.xml;55;blow_top;10;01;7630
C/CH/CH3.xml;728;blow_whistle;10;10;5
C/CH/CH3.xml;1177;kick_heel;10;10;4
C/CH/CH3.xml;5277;have_fling;10;10;12
C/CH/CH3.xml;222;get_nod;10;00;7463
C/CH/CHW.xml;1447;lose_cool;10;10;5
C/CH/CHW.xml;1383;have_future;10;10;14
C/CH/CHB.xml;1376;have_misfortune;10;10;5
C/CH/CHB.xml;699;get_nod;10;10;6
C/CH/CHE.xml;1866;have_misfortune;10;10;10
C/CH/CHE.xml;1890;pull_leg;10;10;6
C/CH/CHK.xml;1338;get_sack;10;10;6
C/CH/CH2.xml;10912;set_fire;10;10;7
C/CH/CH2.xml;8935;kick_habit;10;00;4424
C/CH/CH2.xml;1994;get_sack;10;10;8
C/CH/CH2.xml;11629;get_sack;10;10;4
C/CH/CH2.xml;9998;hold_fire;10;10;10
C/CH/CH2.xml;9886;set_fire;10;10;11
C/CH/CH2.xml;7769;make_fortune;10;10;7
C/CH/CH2.xml;1177;hit_road;10;00;12183
C/CH/CH2.xml;12314;kick_habit;10;00;1048
C/CH/CH2.xml;1979;pull_leg;10;10;4
C/CH/CH2.xml;6718;make_fortune;10;10;11
C/CH/CH5.xml;4992;blow_whistle;10;10;11
C/CH/CH5.xml;5168;kick_habit;10;10;11
C/CH/CH5.xml;1772;bring_luck;10;10;6
C/CH/CH5.xml;5126;make_fortune;10;01;541
C/CH/CHV.xml;298;blow_whistle;10;00;1315
C/CH/CHV.xml;476;get_nod;10;01;1140
C/CH/CHV.xml;642;pull_punch;10;10;5
C/CH/CHV.xml;1335;have_misfortune;10;10;3
C/CE/CE9.xml;1122;set_fire;10;10;11
C/CE/CE9.xml;676;have_misfortune;10;10;10
C/CE/CE9.xml;1676;blow_whistle;10;10;11
C/CE/CE9.xml;1137;pull_leg;10;10;12
C/CE/CE9.xml;1687;blow_whistle;10;01;226
C/CE/CE9.xml;1663;blow_whistle;10;10;11
C/CE/CE7.xml;1021;hold_fire;10;10;3
C/CE/CET.xml;155;lose_heart;10;00;1629
C/CE/CET.xml;743;hold_sway;10;10;4
C/CE/CE1.xml;218;have_future;10;00;1534
C/CE/CEU.xml;3717;set_fire;10;01;702
C/CE/CEN.xml;7046;set_fire;10;10;6
C/CE/CEN.xml;1648;pull_plug;10;00;5877
C/CE/CEN.xml;1748;lose_temper;10;10;6
C/CE/CEN.xml;4117;hold_sway;10;10;5
C/CE/CEN.xml;440;hold_sway;10;00;7085
C/CE/CEN.xml;1338;set_fire;10;10;10
C/CE/CEN.xml;2239;touch_nerve;10;10;6
C/CE/CEX.xml;800;make_face;10;10;10
C/CE/CEX.xml;1604;make_scene;10;00;1629
C/CE/CEX.xml;1495;lose_heart;10;10;12
C/CE/CEJ.xml;1990;lose_heart;10;00;1252
C/CE/CEM.xml;1153;make_fortune;10;10;11
C/CE/CEM.xml;1666;have_fling;10;03;1024
C/CE/CEM.xml;778;lose_temper;10;00;1912
C/CE/CEM.xml;2013;have_future;10;00;678
C/CE/CEM.xml;199;blow_smoke;10;00;2491
C/CE/CEC.xml;2901;blow_whistle;10;10;3
C/CE/CE5.xml;3544;make_face;10;02;116
C/CE/CE5.xml;2468;lose_cool;10;10;7
C/CE/CEE.xml;580;have_future;10;01;890
C/CE/CEE.xml;438;have_misfortune;10;10;4
C/CE/CEB.xml;1293;bring_luck;10;10;7
C/CE/CEB.xml;734;set_fire;10;01;2459
C/CE/CEK.xml;843;make_fortune;10;10;11
C/CE/CEK.xml;3886;get_sack;10;10;6
C/CE/CEK.xml;7634;make_fortune;10;00;50
C/CE/CEK.xml;3349;blow_whistle;10;01;4336
C/CE/CEK.xml;185;cut_figure;10;10;6
C/CE/CEP.xml;10472;kick_heel;10;10;11
C/CE/CEP.xml;3721;make_fortune;10;01;7517
C/CE/CEP.xml;6058;make_mark;10;10;5
C/CE/CEP.xml;9165;make_fortune;10;10;6
C/CE/CEP.xml;11069;cut_figure;10;10;7
C/CE/CEP.xml;1245;have_future;10;00;9993
C/CE/CEP.xml;5726;make_mark;10;10;8
C/CE/CEP.xml;9695;catch_imagination;10;10;4
C/CE/CEW.xml;1008;catch_imagination;10;10;2
C/CE/CEW.xml;383;make_fortune;10;10;4
C/CE/CEW.xml;757;have_misfortune;10;10;3
C/CE/CEW.xml;493;lose_temper;10;10;9
C/CE/CEY.xml;865;have_word;10;10;12
C/CE/CEY.xml;2894;make_scene;10;01;496
C/CK/CKE.xml;260;lose_temper;10;10;13
C/CK/CKE.xml;165;hold_horse;10;10;6
C/CK/CKE.xml;2570;blow_whistle;10;10;6
C/CK/CKE.xml;1547;have_word;10;10;11
C/CK/CKB.xml;583;have_future;10;00;3240
C/CK/CKY.xml;746;make_fortune;10;10;4
C/CK/CKW.xml;492;make_mark;10;10;3
C/CK/CK4.xml;2250;pull_punch;10;10;6
C/CK/CK4.xml;1899;make_mark;10;10;4
C/CK/CK4.xml;1261;have_misfortune;10;10;4
C/CK/CK4.xml;430;blow_whistle;10;00;3032
C/CK/CKV.xml;278;have_future;10;10;6
C/CK/CKC.xml;1841;blow_top;10;10;5
C/CK/CKC.xml;715;catch_attention;10;10;12
C/CK/CKC.xml;2041;have_misfortune;10;10;13
C/CK/CKD.xml;680;lose_temper;10;10;4
C/CK/CKD.xml;937;catch_death;10;00;1424
C/CK/CKM.xml;467;have_word;10;00;682
C/CK/CK5.xml;367;pull_weight;10;10;11
C/CK/CK2.xml;484;pull_punch;10;10;3
C/CK/CK6.xml;1908;catch_imagination;10;10;3
C/CK/CKN.xml;1120;hold_sway;10;10;6
C/CK/CKN.xml;520;make_mark;10;01;796
C/CK/CK0.xml;3220;hit_wall;10;10;10
C/CK/CK9.xml;874;have_word;10;00;1829
C/CK/CK9.xml;1491;hold_horse;10;00;1213
C/CK/CKH.xml;421;hold_sway;10;10;3
C/CK/CKA.xml;1705;take_root;10;00;2
C/CK/CKT.xml;1388;make_fortune;10;10;5
C/CK/CKS.xml;929;lose_thread;10;00;505
C/CK/CKS.xml;998;pull_weight;10;10;11
C/CK/CKS.xml;567;find_foot;10;00;867
C/CA/CA5.xml;2088;make_scene;10;10;12
C/CA/CA5.xml;1139;make_scene;10;10;12
C/CA/CA5.xml;1079;make_scene;10;00;1649
C/CA/CAC.xml;520;bring_luck;10;10;10
C/CA/CAC.xml;1577;blow_trumpet;10;10;11
C/CA/CAC.xml;163;have_misfortune;10;10;5
C/CA/CAC.xml;1700;hold_sway;10;10;11
C/CA/CAC.xml;2279;lose_head;10;10;11
C/CA/CAD.xml;3056;blow_whistle;10;10;10
C/CA/CAD.xml;3074;make_mark;10;10;3
C/CA/CAD.xml;2989;touch_nerve;10;10;6
C/CA/CAJ.xml;33;blow_whistle;10;10;7
C/CA/CAJ.xml;666;blow_whistle;10;01;1273
C/CA/CAJ.xml;643;blow_whistle;10;10;5
C/CA/CAJ.xml;1473;hold_fort;10;10;6
C/CA/CA3.xml;889;catch_attention;10;10;3
C/CA/CAY.xml;302;blow_smoke;10;10;4
C/CA/CAW.xml;666;have_misfortune;10;10;5
C/CA/CAL.xml;61;blow_trumpet;10;00;1905
C/CA/CAB.xml;2299;blow_top;10;10;7
C/CA/CAB.xml;3124;hit_roof;10;00;657
C/CA/CAS.xml;307;catch_imagination;10;10;15
C/CA/CAF.xml;1154;have_word;10;00;1317
C/CA/CAF.xml;326;lay_waste;10;10;10
C/CA/CAF.xml;1462;lay_waste;10;10;9
C/CA/CA0.xml;739;blow_whistle;10;10;12
C/CA/CA0.xml;293;have_word;10;10;11
C/CA/CA0.xml;264;make_scene;10;10;11
C/CA/CA0.xml;2227;lose_temper;10;00;548
C/CA/CA0.xml;1046;give_sack;10;10;7
C/CA/CA9.xml;1344;set_fire;10;01;946
C/CA/CA9.xml;1701;lose_cool;10;10;11
C/CA/CA9.xml;1782;hit_road;10;10;6
C/CA/CA9.xml;151;set_fire;10;10;9
C/CA/CAG.xml;1377;kick_habit;10;00;1035
C/CA/CAG.xml;1390;bring_luck;10;01;1022
C/CA/CAU.xml;1584;have_misfortune;10;03;278
C/CA/CA8.xml;642;set_fire;10;02;1150
C/CA/CA8.xml;1367;hold_fire;10;10;5
C/CU/CU0.xml;1021;have_misfortune;10;10;3
C/CU/CU1.xml;1584;make_mark;10;10;7
C/CU/CU1.xml;336;move_goalpost;10;10;4
C/CU/CU1.xml;378;get_nod;10;10;4
C/CU/CU1.xml;29;lose_cool;10;10;5
C/C9/C9K.xml;2466;catch_attention;10;01;423
C/C9/C9K.xml;2023;take_heart;10;10;4
C/C9/C9K.xml;2623;get_drift;10;00;264
C/C9/C9Y.xml;2401;pull_leg;10;00;828
C/C9/C9Y.xml;3170;pull_leg;10;00;60
C/C9/C9Y.xml;1891;pull_leg;10;00;1340
C/C9/C9Y.xml;1060;pull_leg;10;00;2172
C/C9/C9Y.xml;2503;pull_leg;10;00;733
C/C9/C9Y.xml;2823;pull_leg;10;00;409
C/C9/C9Y.xml;2093;pull_leg;10;00;1143
C/C9/C9Y.xml;1588;pull_leg;10;00;1647
C/C9/C9Y.xml;1782;pull_leg;10;00;1454
C/C9/C9Y.xml;2199;pull_leg;10;00;1038
C/C9/C9Y.xml;2936;pull_leg;10;00;304
C/C9/C9Y.xml;1988;pull_leg;10;00;1252
C/C9/C9Y.xml;2299;pull_leg;10;00;945
C/C9/C9Y.xml;3044;pull_leg;10;00;206
C/C9/C9Y.xml;2623;pull_leg;10;00;627
C/C9/C9X.xml;412;make_mark;10;10;11
C/C9/C9M.xml;714;catch_attention;10;00;2502
C/C9/C9M.xml;1211;keep_tab;10;10;3
C/C9/C9M.xml;1148;hold_sway;10;10;6
C/C9/C9J.xml;991;make_hit;10;10;13
C/C9/C92.xml;640;keep_tab;10;10;4
C/C9/C91.xml;1294;make_hit;10;10;6
C/C9/C98.xml;1322;bring_luck;10;10;7
C/C9/C9U.xml;1035;see_star;10;10;13
C/C9/C9N.xml;1520;hit_wall;10;10;11
C/C9/C9N.xml;29;get_drift;10;10;12
C/C9/C90.xml;1165;take_heart;10;10;11
C/C9/C90.xml;1158;catch_imagination;10;10;11
C/C9/C9F.xml;1794;make_pile;10;10;12
C/C9/C9H.xml;289;have_fling;10;10;6
C/C9/C9S.xml;756;move_goalpost;10;10;6
C/CR/CRC.xml;984;have_misfortune;10;10;4
C/CR/CRC.xml;3859;catch_attention;10;00;180
C/CR/CRC.xml;2077;have_future;10;10;7
C/CR/CRC.xml;2035;have_future;10;10;4
C/CR/CRM.xml;10627;see_star;10;10;4
C/CR/CRJ.xml;53;catch_attention;10;10;12
C/CR/CRY.xml;1271;have_future;10;10;11
C/CR/CRW.xml;583;have_future;10;10;11
C/CR/CRP.xml;179;lose_temper;10;00;397
C/CR/CRB.xml;776;make_fortune;10;10;11
C/CR/CRB.xml;3137;make_fortune;10;10;5
C/CR/CRB.xml;3550;have_future;10;10;7
C/CR/CRE.xml;35;make_fortune;10;10;7
C/CR/CRE.xml;1733;make_face;10;01;1304
C/CR/CRE.xml;1759;set_fire;10;00;1285
C/CR/CR9.xml;2448;make_fortune;10;10;5
C/CR/CR9.xml;2393;pull_weight;10;10;5
C/CR/CR9.xml;2602;take_heart;10;00;747
C/CR/CR9.xml;2212;make_fortune;10;10;5
C/CR/CR9.xml;637;make_pile;10;10;12
C/CR/CRA.xml;91;kick_habit;10;01;3226
C/CR/CR8.xml;5;pull_weight;10;10;6
C/CR/CR8.xml;488;make_mark;10;10;4
C/CR/CR8.xml;2319;make_pile;10;10;6
C/CR/CR8.xml;1717;set_fire;10;01;1423
C/CR/CR8.xml;570;take_root;10;10;12
C/CR/CR8.xml;1423;take_heart;10;10;7
C/CR/CR8.xml;637;hit_wall;10;10;7
C/CR/CR8.xml;2750;have_future;10;10;6
C/CR/CR6.xml;548;blow_smoke;10;01;3416
C/CR/CR6.xml;3534;lose_temper;10;10;11
C/CR/CR6.xml;3559;blow_top;10;10;15
C/CR/CRU.xml;333;hold_sway;10;10;4
C/CR/CRU.xml;654;hold_sway;10;10;6
C/CL/CLG.xml;1362;blow_smoke;10;00;330
C/CL/CLU.xml;466;keep_tab;10;10;2
C/CL/CL1.xml;1506;make_mark;10;01;157
C/CL/CL1.xml;644;hold_sway;10;01;1018
C/CL/CLS.xml;636;make_mark;10;10;3
C/CL/CLS.xml;431;see_star;10;10;13
C/CL/CLT.xml;140;make_fortune;10;01;2532
C/CL/CLT.xml;2303;set_fire;10;00;366
C/CL/CLA.xml;328;pull_punch;10;00;2
C/CL/CL7.xml;9;hit_road;10;10;3
C/CL/CL7.xml;547;lose_temper;10;10;12
C/CL/CL7.xml;708;make_face;10;00;600
C/CL/CLW.xml;535;take_root;10;10;7
C/CL/CLD.xml;1410;blow_smoke;10;00;1531
C/CL/CLD.xml;2019;kick_heel;10;10;16
C/CL/CLD.xml;15;get_drift;10;00;2923
C/CL/CLM.xml;43;hold_sway;10;10;5
C/CL/CLV.xml;1252;find_foot;10;02;493
C/CL/CLX.xml;1358;lay_waste;10;10;10
C/CF/CFS.xml;1809;make_face;10;10;5
C/CF/CFT.xml;2648;have_word;10;10;3
C/CF/CF8.xml;321;take_heart;10;10;11
C/CF/CF8.xml;166;take_heart;10;10;12
C/CF/CF6.xml;167;catch_imagination;10;10;12
C/CF/CFR.xml;650;make_mark;10;10;5
C/CF/CFC.xml;1601;pull_plug;10;10;8
C/CF/CFJ.xml;382;pull_weight;10;02;1477
C/CF/CF5.xml;118;hit_wall;10;10;3
C/CF/CFY.xml;1653;pull_leg;10;00;830
C/CF/CFB.xml;501;kick_habit;10;10;5
C/CF/CFB.xml;118;lose_head;10;10;13
C/CF/CFE.xml;685;pull_weight;10;10;11
C/CF/CF4.xml;1156;find_foot;10;10;10
C/CF/CF4.xml;646;make_scene;10;10;4
C/CF/CF4.xml;423;keep_tab;10;10;11
G/G1/G1L.xml;1176;hold_sway;10;10;6
G/G1/G1L.xml;720;hold_sway;10;10;7
G/G1/G1L.xml;1574;pull_leg;10;10;6
G/G1/G1L.xml;1366;lose_heart;10;10;13
G/G1/G1W.xml;2599;have_word;10;10;12
G/G1/G1W.xml;2318;blow_smoke;10;10;6
G/G1/G1W.xml;2415;blow_smoke;10;01;641
G/G1/G1Y.xml;280;catch_attention;10;10;6
G/G1/G1Y.xml;565;lay_waste;10;10;4
G/G1/G1Y.xml;903;hit_road;10;10;3
G/G1/G14.xml;1072;catch_attention;10;10;4
G/G1/G13.xml;2127;make_face;10;02;1565
G/G1/G13.xml;3278;bring_luck;10;00;417
G/G1/G13.xml;3159;lose_head;10;10;4
G/G1/G1M.xml;3664;lose_thread;10;10;6
G/G1/G1M.xml;2186;make_mark;10;01;1685
G/G1/G1D.xml;962;have_word;10;00;2116
G/G1/G1D.xml;1099;have_fling;10;10;9
G/G1/G1D.xml;348;lose_temper;10;10;6
G/G1/G1D.xml;1490;lose_temper;10;00;1595
G/G1/G1D.xml;351;lose_temper;10;10;11
G/G1/G12.xml;3142;blow_smoke;10;10;13
G/G1/G12.xml;2026;catch_death;10;10;9
G/G1/G12.xml;2799;blow_smoke;10;10;11
G/G1/G12.xml;2899;give_sack;10;00;328
G/G1/G12.xml;1941;catch_death;10;00;1294
G/G1/G12.xml;2902;get_sack;10;00;334
G/G1/G12.xml;504;blow_smoke;10;10;12
G/G1/G15.xml;1376;blow_smoke;10;00;2178
G/G1/G15.xml;392;lose_temper;10;00;3154
G/G1/G15.xml;3518;lay_waste;10;10;11
G/G1/G15.xml;1550;catch_attention;10;10;11
G/G1/G15.xml;1693;pull_leg;10;10;11
G/G1/G16.xml;937;catch_attention;10;00;1826
G/G1/G16.xml;2473;touch_nerve;10;10;12
G/G1/G1N.xml;1246;make_scene;10;10;4
G/G1/G19.xml;1031;hold_sway;10;10;7
G/G1/G1A.xml;2401;make_scene;10;10;12
G/G1/G1A.xml;548;set_fire;10;10;5
G/G1/G1A.xml;182;lose_temper;10;00;2370
G/G1/G1A.xml;1465;make_scene;10;10;13
G/G1/G1A.xml;123;make_fortune;10;10;12
G/G1/G1H.xml;1587;give_notice;10;10;11
G/G1/G1S.xml;1128;blow_smoke;10;10;8
G/G1/G1S.xml;594;lose_cool;10;00;2449
G/G1/G1S.xml;1106;pull_leg;10;00;1939
G/GW/GW3.xml;751;make_mark;10;10;11
G/GW/GWL.xml;465;catch_imagination;10;10;8
G/GW/GWL.xml;117;hold_sway;10;10;4
G/GW/GWB.xml;802;make_mark;10;10;11
G/GW/GWB.xml;1731;catch_attention;10;00;1250
G/GW/GWB.xml;1836;hold_sway;10;10;13
G/GW/GWB.xml;409;lose_temper;10;00;2579
G/GW/GW8.xml;1802;see_star;10;00;1294
G/GW/GW8.xml;461;hold_horse;10;10;12
G/GW/GW6.xml;52;take_root;10;10;10
G/GW/GWF.xml;514;pull_weight;10;10;4
G/GW/GWF.xml;292;have_word;10;10;3
G/GW/GWF.xml;1989;make_fortune;10;00;1386
G/GW/GWF.xml;1930;see_star;10;10;7
G/GW/GWF.xml;2348;see_star;10;10;11
G/GW/GWF.xml;383;lose_thread;10;01;2993
G/GW/GWA.xml;494;bring_luck;10;10;16
G/GW/GW0.xml;3012;catch_attention;10;10;10
G/GW/GW9.xml;297;keep_tab;10;01;1593
G/GW/GW9.xml;404;pull_plug;10;02;1487
G/GW/GW9.xml;606;keep_tab;10;10;9
G/GW/GW9.xml;21;hit_roof;10;10;10
G/GW/GW9.xml;446;blow_whistle;10;10;9
G/G6/G62.xml;234;set_fire;10;01;991
G/G2/G25.xml;914;see_star;10;00;112
G/G2/G2C.xml;1250;pull_leg;10;00;313
G/G2/G2C.xml;1378;hit_wall;10;10;3
G/G2/G2C.xml;1125;have_future;10;10;10
G/G2/G2C.xml;1257;pull_leg;10;00;302
G/G2/G2D.xml;830;pull_plug;10;10;11
G/G2/G2V.xml;3836;take_heart;10;10;7
G/G2/G2V.xml;1036;make_scene;10;10;5
G/G2/G2V.xml;3495;make_mark;10;10;5
G/G2/G2P.xml;366;kick_habit;10;00;470
G/G2/G2P.xml;743;give_notice;10;00;90
G/G2/G2W.xml;1756;find_foot;10;10;11
G/G2/G2E.xml;1928;cut_figure;10;04;1008
G/G2/G2E.xml;1869;make_mark;10;10;10
G/G2/G2E.xml;1854;make_mark;10;00;1082
G/G2/G2E.xml;2023;make_fortune;10;00;913
G/G2/G27.xml;269;pull_plug;10;10;5
G/G2/G27.xml;15;find_foot;10;10;6
G/G2/G2N.xml;840;catch_imagination;10;10;7
G/G2/G28.xml;890;have_word;10;00;388
G/G2/G21.xml;738;make_mark;10;10;9
G/G2/G21.xml;678;make_mark;10;00;717
G/GT/GTC.xml;924;lose_temper;10;10;7
G/GT/GTD.xml;835;catch_attention;10;10;4
G/GT/GT2.xml;938;get_sack;10;10;3
G/GT/GTE.xml;520;have_future;10;10;6
G/GT/GTB.xml;53;give_notice;10;10;5
G/GT/GT4.xml;648;make_mark;10;10;3
G/GT/GT4.xml;195;hold_sway;10;10;6
G/GT/GT9.xml;126;have_misfortune;10;10;3
G/GT/GT0.xml;775;make_fortune;10;10;5
G/GT/GTF.xml;173;set_fire;10;10;4
G/GT/GTF.xml;1349;make_scene;10;10;11
G/GT/GTF.xml;895;cut_figure;10;10;4
G/GS/GSY.xml;1053;have_future;10;10;6
G/GS/GSY.xml;254;make_hit;10;10;11
G/GY/GYX.xml;217;take_root;10;00;1733
G/GY/GYX.xml;275;take_root;10;00;1679
G/GY/GYX.xml;238;take_root;10;00;1722
G/GY/GYX.xml;241;take_root;10;00;1737
G/G5/G5K.xml;461;blow_trumpet;10;10;6
G/GV/GVL.xml;480;hold_fire;10;10;3
G/GV/GVL.xml;1960;pull_plug;10;10;12
G/GV/GVL.xml;3426;hit_wall;10;10;13
G/GV/GVL.xml;1758;blow_whistle;10;10;9
G/GV/GVY.xml;1297;get_sack;10;10;6
G/GV/GVP.xml;330;lose_thread;10;10;10
G/GV/GVP.xml;2355;lose_thread;10;10;5
G/GV/GV2.xml;1920;hit_wall;10;10;9
G/GV/GVX.xml;214;lose_head;10;01;759
G/GV/GVD.xml;1250;blow_whistle;10;10;11
G/GV/GVN.xml;57;hold_sway;10;10;11
G/GV/GV8.xml;3250;blow_smoke;10;10;4
G/GV/GV8.xml;87;keep_tab;10;00;4021
G/GV/GV8.xml;2399;catch_attention;10;00;1707
G/GV/GV6.xml;1948;have_word;10;00;1098
G/GV/GVH.xml;1711;give_notice;10;02;12
G/GV/GVF.xml;984;pull_leg;10;00;971
G/GV/GVF.xml;1139;pull_leg;10;01;810
G/GV/GVF.xml;1565;pull_leg;10;00;383
G/GV/GVT.xml;202;catch_imagination;10;10;6
G/GV/GVT.xml;870;have_misfortune;10;10;3
G/G0/G0F.xml;1345;catch_imagination;10;10;7
G/G0/G0F.xml;939;make_face;10;10;12
G/G0/G0A.xml;613;catch_attention;10;10;6
G/G0/G0H.xml;746;catch_attention;10;10;6
G/G0/G0S.xml;1082;pull_plug;10;10;6
G/G0/G0S.xml;1411;hold_fort;10;00;633
G/G0/G0S.xml;2019;make_scene;10;10;9
G/G0/G0S.xml;1527;make_face;10;00;515
G/G0/G09.xml;641;hold_horse;10;10;24
G/G0/G09.xml;2355;have_word;10;10;13
G/G0/G07.xml;4377;lose_head;10;00;200
G/G0/G07.xml;1658;make_face;10;01;2917
G/G0/G07.xml;2292;lose_head;10;10;11
G/G0/G0N.xml;820;make_face;10;10;6
G/G0/G0N.xml;1903;get_wind;10;00;2242
G/G0/G0G.xml;369;hold_sway;10;10;2
G/G0/G06.xml;1441;have_misfortune;10;10;7
G/G0/G01.xml;2314;hit_wall;10;00;1584
G/G0/G01.xml;2310;hit_wall;10;00;1586
G/G0/G02.xml;284;make_scene;10;10;7
G/G0/G05.xml;275;take_root;10;10;5
G/G0/G0X.xml;3146;lose_temper;10;10;6
G/G0/G0X.xml;599;see_star;10;00;2740
G/G0/G0M.xml;886;take_heart;10;00;1440
G/G0/G03.xml;2198;have_fling;10;01;439
G/G0/G0P.xml;1936;blow_smoke;10;10;15
G/G0/G0P.xml;1760;hit_wall;10;00;1935
G/G0/G0P.xml;576;set_fire;10;10;11
G/G4/G4T.xml;68;lose_thread;10;10;14
G/GX/GXJ.xml;2226;take_heart;10;10;5
G/GX/GXJ.xml;1733;take_heart;10;00;2874
G/GX/GXK.xml;1167;have_word;10;10;16
G/GX/GX7.xml;348;bring_luck;10;00;278
G/GU/GUW.xml;630;get_sack;10;00;762
G/GU/GUD.xml;3783;have_word;10;01;614
G/GU/GUD.xml;4270;get_wind;10;10;12
G/GU/GUD.xml;3375;catch_death;10;00;1022
G/GU/GUD.xml;945;catch_attention;10;10;11
G/GU/GUD.xml;755;catch_attention;10;00;3643
G/GU/GUD.xml;2200;blow_whistle;10;00;2200
G/GU/GUD.xml;2172;take_root;10;01;2225
G/GU/GUD.xml;3999;see_star;10;00;399
G/GU/GUM.xml;555;take_heart;10;00;4252
G/GU/GUX.xml;288;catch_attention;10;10;11
G/GU/GUX.xml;1339;catch_attention;10;10;2
G/GU/GUX.xml;1455;cut_figure;10;00;279
G/GU/GU6.xml;634;hold_sway;10;10;6
G/GU/GUU.xml;3285;catch_imagination;10;00;1067
G/GU/GUU.xml;3117;lose_thread;10;00;1225
G/GU/GU9.xml;1039;lose_temper;10;00;693
G/G3/G3T.xml;368;give_notice;10;10;10
G/G3/G3T.xml;540;give_notice;10;10;4
G/G3/G3S.xml;2113;pull_leg;10;00;920
G/G3/G3S.xml;2157;blow_smoke;10;10;16
G/G3/G3S.xml;1982;kick_heel;10;01;1051
G/G3/G3S.xml;135;blow_smoke;10;10;3
G/G3/G37.xml;2284;hit_wall;10;00;145
G/G3/G39.xml;588;make_mark;10;10;8
G/G3/G3G.xml;1667;bring_luck;10;10;6
G/G3/G3G.xml;1541;get_wind;10;10;11
G/G3/G3U.xml;707;have_future;10;00;445
G/G3/G36.xml;1922;lose_heart;10;10;4
G/G3/G36.xml;356;catch_imagination;10;10;12
G/G3/G36.xml;513;pull_plug;10;00;1946
G/G3/G32.xml;874;find_foot;10;10;11
G/G3/G32.xml;812;pull_punch;10;10;6
G/G3/G3J.xml;1280;give_notice;10;00;239
G/G3/G3J.xml;320;give_notice;10;10;4
G/G3/G3J.xml;1094;give_notice;10;10;6
G/G3/G3J.xml;1447;give_notice;10;00;72
G/G3/G33.xml;277;have_misfortune;10;10;4
G/G3/G33.xml;511;take_root;10;10;10
G/G3/G3P.xml;594;make_face;10;10;12
G/G3/G3P.xml;2988;set_fire;10;00;446
G/G3/G3K.xml;896;take_root;10;10;7
G/G3/G3E.xml;2390;have_word;10;10;13
G/G3/G3B.xml;785;have_misfortune;10;10;3
J/J7/J79.xml;1688;give_notice;10;10;6
J/J7/J76.xml;625;give_notice;10;10;11
J/J7/J76.xml;570;give_notice;10;00;1209
J/J7/J76.xml;775;give_notice;10;10;12
J/J7/J7D.xml;513;give_notice;10;10;4
J/J7/J7D.xml;371;give_notice;10;10;3
J/J0/J0R.xml;971;blow_trumpet;10;10;12
J/J0/J0R.xml;949;catch_attention;10;00;85
J/J0/J0P.xml;420;make_pile;10;10;12
J/J0/J0W.xml;1215;make_fortune;10;00;1507
J/J0/J0Y.xml;439;lose_thread;10;00;378
J/J0/J0V.xml;240;hold_sway;10;10;12
J/JX/JXV.xml;2041;have_misfortune;10;00;1568
J/JX/JXV.xml;1093;catch_attention;10;10;6
J/JX/JXV.xml;1446;have_word;10;01;2162
J/JX/JXX.xml;2449;have_word;10;10;12
J/JX/JXX.xml;2485;keep_tab;10;00;123
J/JX/JXY.xml;1393;give_sack;10;00;1577
J/JX/JXY.xml;861;blow_whistle;10;10;3
J/JX/JXY.xml;839;blow_whistle;10;00;2127
J/JX/JXT.xml;3204;take_heart;10;00;1248
J/JX/JXS.xml;849;lose_heart;10;10;6
J/JX/JXS.xml;1838;have_word;10;10;12
J/JX/JXS.xml;3441;kick_habit;10;10;34
J/JX/JXS.xml;3409;kick_habit;10;00;879
J/JX/JXU.xml;901;kick_heel;10;10;12
J/JX/JXU.xml;1158;get_drift;10;00;3397
J/JX/JXU.xml;654;lose_temper;10;00;3900
J/J9/J9F.xml;116;find_foot;10;10;11
J/J9/J9A.xml;824;hit_wall;10;00;126
J/J9/J91.xml;553;take_root;10;10;28
J/J9/J9X.xml;74;get_drift;10;00;1057
J/J9/J9X.xml;363;get_drift;10;00;772
J/J9/J9X.xml;309;get_drift;10;00;820
J/J9/J9D.xml;125;give_notice;10;10;6
J/J3/J3A.xml;60;have_future;10;10;5
J/JA/JAA.xml;73;see_star;10;00;676
J/JA/JAA.xml;66;see_star;10;00;689
J/JA/JAA.xml;67;see_star;10;00;694
J/J1/J1J.xml;423;keep_tab;10;00;1093
J/J1/J1C.xml;829;get_drift;10;10;13
J/J1/J1C.xml;1462;have_misfortune;10;00;1756
J/J1/J1C.xml;1455;have_misfortune;10;00;1765
J/J1/J1K.xml;105;catch_attention;10;10;3
J/J1/J1K.xml;436;have_future;10;10;9
J/J1/J13.xml;129;have_word;10;00;5162
J/J1/J13.xml;2010;blow_smoke;10;00;3281
J/J1/J13.xml;388;catch_attention;10;00;4904
J/J1/J13.xml;620;lose_cool;10;03;4677
J/J1/J19.xml;623;pull_plug;10;10;11
J/J1/J17.xml;798;make_mark;10;10;11
J/J1/J10.xml;4271;make_fortune;10;10;12
J/J1/J1F.xml;747;blow_whistle;10;10;3
J/J1/J1F.xml;108;blow_whistle;10;00;1
J/J1/J1H.xml;3984;have_future;10;00;1
J/J1/J1H.xml;561;get_nod;10;02;3327
J/J1/J1H.xml;3987;have_future;10;00;7
J/J1/J1H.xml;2309;get_nod;10;10;11
J/J1/J1H.xml;2128;make_mark;10;10;12
J/J1/J1G.xml;3472;get_nod;10;10;12
J/J1/J1G.xml;2042;hit_wall;10;00;1570
J/J1/J1G.xml;2427;blow_top;10;10;10
J/J1/J1G.xml;3445;get_nod;10;00;168
J/J6/J6Y.xml;2045;give_notice;10;00;112
J/J6/J6P.xml;881;give_notice;10;10;6
J/J6/J6T.xml;565;give_notice;10;10;2
J/J6/J6U.xml;904;give_notice;10;10;11
J/J6/J6U.xml;897;give_notice;10;00;576
J/J6/J6U.xml;773;give_notice;10;10;6
J/J6/J6U.xml;622;give_notice;10;01;851
J/JN/JNG.xml;374;take_root;10;00;77
J/JN/JNF.xml;4;pull_weight;10;10;7
J/JJ/JJE.xml;361;pull_plug;10;00;122
J/JJ/JJ7.xml;488;have_word;10;00;496
J/JJ/JJH.xml;690;hit_road;10;00;386
J/JT/JTA.xml;705;give_notice;10;00;569
J/JT/JTB.xml;764;have_word;10;00;390
J/J2/J2G.xml;589;blow_smoke;10;00;292
J/J2/J2R.xml;170;take_root;10;10;6
J/J2/J27.xml;845;hold_sway;10;00;37
J/J2/J27.xml;598;take_root;10;00;284
J/J2/J2Y.xml;854;have_future;10;00;143
J/J2/J25.xml;311;have_misfortune;10;10;4
J/J2/J2C.xml;45;give_notice;10;10;6
J/J2/J2J.xml;131;have_future;10;10;11
J/J5/J57.xml;1423;keep_tab;10;00;355
J/JS/JSU.xml;242;see_star;10;00;215
J/JS/JSU.xml;11;see_star;00;00;454
J/JS/JSU.xml;84;see_star;10;10;12
J/JY/JY5.xml;3696;keep_tab;10;10;16
J/JY/JY5.xml;233;keep_tab;10;00;3606
J/JY/JY5.xml;3490;take_root;10;00;347
J/JY/JY5.xml;3469;keep_tab;10;01;366
J/JY/JY2.xml;3963;hold_fort;10;10;14
J/JY/JYC.xml;378;pull_plug;10;10;4
J/JY/JYC.xml;3863;lose_head;10;10;17
J/JY/JYC.xml;2311;blow_top;10;00;2168
J/JY/JYD.xml;3091;have_word;10;10;5
J/JY/JYD.xml;4259;lose_head;10;00;198
J/JY/JYD.xml;573;make_face;10;10;6
J/JY/JY3.xml;254;have_misfortune;10;00;3676
J/JY/JY3.xml;2558;make_mark;10;10;11
J/JY/JY4.xml;4153;lose_temper;10;00;47
J/JY/JYE.xml;3360;hold_fort;10;10;11
J/JY/JYE.xml;909;bring_luck;10;10;15
J/JY/JYE.xml;174;catch_attention;10;10;12
J/JY/JYE.xml;753;hold_fort;10;10;15
J/JY/JYE.xml;697;bring_luck;10;10;19
J/JY/JYE.xml;1085;lose_heart;10;00;3644
J/JY/JYB.xml;3969;have_word;10;00;511
J/JY/JYB.xml;2982;make_scene;10;00;1491
J/JY/JYB.xml;1543;lay_waste;10;00;2930
J/JY/JYB.xml;268;find_foot;10;00;4205
J/JY/JYB.xml;2614;hold_fort;10;10;4
J/JY/JYB.xml;2199;hit_road;10;10;13
J/JY/JYB.xml;2011;pull_leg;10;00;2463
J/JY/JYA.xml;161;catch_imagination;10;00;4969
J/JY/JYA.xml;3739;lose_heart;10;00;1386
J/JY/JY9.xml;2850;have_fling;10;10;17
J/JY/JY7.xml;1703;hold_fire;10;01;4609
J/JY/JY7.xml;625;catch_attention;10;10;11
J/JY/JY7.xml;5887;have_misfortune;10;01;423
J/JY/JYN.xml;620;have_word;10;00;1106
J/JY/JY1.xml;1161;give_notice;10;00;1079
J/JY/JY1.xml;2187;lose_heart;10;00;54
J/JY/JY1.xml;198;give_sack;10;10;6
J/JY/JY1.xml;1121;lose_thread;10;00;1120
J/JY/JY6.xml;3547;have_future;10;10;11
J/JY/JY6.xml;2036;lose_temper;10;00;2389
J/JY/JY8.xml;153;have_word;10;00;4669
J/JY/JY8.xml;1435;keep_tab;10;10;13
J/JY/JY8.xml;949;set_fire;10;00;3875
J/JY/JY8.xml;3161;lay_waste;10;00;1663
4 sentences were not found
